<?xml version="1.0" encoding="UTF-8"?>
<testsuite xmlns:xsi="http://www.w3.org/2001/XMLSchema-instance" xsi:noNamespaceSchemaLocation="https://maven.apache.org/surefire/maven-surefire-plugin/xsd/surefire-test-report.xsd" version="3.0.2" name="TestSuite" time="45.844" tests="19" errors="0" skipped="0" failures="0">
  <properties>
    <property name="java.specification.version" value="21"/>
    <property name="sun.cpu.isalist" value="amd64"/>
    <property name="sun.jnu.encoding" value="Cp1252"/>
    <property name="java.class.path" value="C:\ProgramData\Jenkins\.jenkins\workspace\SauceDemoProject\target\test-classes;C:\ProgramData\Jenkins\.jenkins\workspace\SauceDemoProject\target\classes;C:\Windows\system32\config\systemprofile\.m2\repository\org\apache\directory\studio\org.apache.commons.io\2.4\org.apache.commons.io-2.4.jar;C:\Windows\system32\config\systemprofile\.m2\repository\commons-io\commons-io\2.4\commons-io-2.4.jar;C:\Windows\system32\config\systemprofile\.m2\repository\org\projectlombok\lombok\1.18.34\lombok-1.18.34.jar;C:\Windows\system32\config\systemprofile\.m2\repository\io\cucumber\cucumber-java\7.18.1\cucumber-java-7.18.1.jar;C:\Windows\system32\config\systemprofile\.m2\repository\io\cucumber\cucumber-core\7.18.1\cucumber-core-7.18.1.jar;C:\Windows\system32\config\systemprofile\.m2\repository\io\cucumber\cucumber-gherkin\7.18.1\cucumber-gherkin-7.18.1.jar;C:\Windows\system32\config\systemprofile\.m2\repository\io\cucumber\cucumber-gherkin-messages\7.18.1\cucumber-gherkin-messages-7.18.1.jar;C:\Windows\system32\config\systemprofile\.m2\repository\io\cucumber\gherkin\28.0.0\gherkin-28.0.0.jar;C:\Windows\system32\config\systemprofile\.m2\repository\io\cucumber\messages\24.1.0\messages-24.1.0.jar;C:\Windows\system32\config\systemprofile\.m2\repository\io\cucumber\testng-xml-formatter\0.2.0\testng-xml-formatter-0.2.0.jar;C:\Windows\system32\config\systemprofile\.m2\repository\io\cucumber\query\12.2.0\query-12.2.0.jar;C:\Windows\system32\config\systemprofile\.m2\repository\io\cucumber\tag-expressions\6.1.0\tag-expressions-6.1.0.jar;C:\Windows\system32\config\systemprofile\.m2\repository\io\cucumber\cucumber-expressions\17.1.0\cucumber-expressions-17.1.0.jar;C:\Windows\system32\config\systemprofile\.m2\repository\io\cucumber\datatable\7.18.1\datatable-7.18.1.jar;C:\Windows\system32\config\systemprofile\.m2\repository\io\cucumber\cucumber-plugin\7.18.1\cucumber-plugin-7.18.1.jar;C:\Windows\system32\config\systemprofile\.m2\repository\io\cucumber\docstring\7.18.1\docstring-7.18.1.jar;C:\Windows\system32\config\systemprofile\.m2\repository\io\cucumber\html-formatter\21.4.1\html-formatter-21.4.1.jar;C:\Windows\system32\config\systemprofile\.m2\repository\io\cucumber\junit-xml-formatter\0.5.0\junit-xml-formatter-0.5.0.jar;C:\Windows\system32\config\systemprofile\.m2\repository\io\cucumber\ci-environment\10.0.1\ci-environment-10.0.1.jar;C:\Windows\system32\config\systemprofile\.m2\repository\org\apiguardian\apiguardian-api\1.1.2\apiguardian-api-1.1.2.jar;C:\Windows\system32\config\systemprofile\.m2\repository\io\cucumber\cucumber-testng\7.18.1\cucumber-testng-7.18.1.jar;C:\Windows\system32\config\systemprofile\.m2\repository\org\seleniumhq\selenium\selenium-java\4.25.0\selenium-java-4.25.0.jar;C:\Windows\system32\config\systemprofile\.m2\repository\org\seleniumhq\selenium\selenium-api\4.25.0\selenium-api-4.25.0.jar;C:\Windows\system32\config\systemprofile\.m2\repository\org\jspecify\jspecify\1.0.0\jspecify-1.0.0.jar;C:\Windows\system32\config\systemprofile\.m2\repository\org\seleniumhq\selenium\selenium-chrome-driver\4.25.0\selenium-chrome-driver-4.25.0.jar;C:\Windows\system32\config\systemprofile\.m2\repository\com\google\auto\service\auto-service-annotations\1.1.1\auto-service-annotations-1.1.1.jar;C:\Windows\system32\config\systemprofile\.m2\repository\org\seleniumhq\selenium\selenium-chromium-driver\4.25.0\selenium-chromium-driver-4.25.0.jar;C:\Windows\system32\config\systemprofile\.m2\repository\org\seleniumhq\selenium\selenium-json\4.25.0\selenium-json-4.25.0.jar;C:\Windows\system32\config\systemprofile\.m2\repository\org\seleniumhq\selenium\selenium-manager\4.25.0\selenium-manager-4.25.0.jar;C:\Windows\system32\config\systemprofile\.m2\repository\org\seleniumhq\selenium\selenium-devtools-v127\4.25.0\selenium-devtools-v127-4.25.0.jar;C:\Windows\system32\config\systemprofile\.m2\repository\org\seleniumhq\selenium\selenium-devtools-v128\4.25.0\selenium-devtools-v128-4.25.0.jar;C:\Windows\system32\config\systemprofile\.m2\repository\org\seleniumhq\selenium\selenium-devtools-v129\4.25.0\selenium-devtools-v129-4.25.0.jar;C:\Windows\system32\config\systemprofile\.m2\repository\org\seleniumhq\selenium\selenium-devtools-v85\4.25.0\selenium-devtools-v85-4.25.0.jar;C:\Windows\system32\config\systemprofile\.m2\repository\org\seleniumhq\selenium\selenium-edge-driver\4.25.0\selenium-edge-driver-4.25.0.jar;C:\Windows\system32\config\systemprofile\.m2\repository\org\seleniumhq\selenium\selenium-firefox-driver\4.25.0\selenium-firefox-driver-4.25.0.jar;C:\Windows\system32\config\systemprofile\.m2\repository\org\seleniumhq\selenium\selenium-http\4.25.0\selenium-http-4.25.0.jar;C:\Windows\system32\config\systemprofile\.m2\repository\dev\failsafe\failsafe\3.3.2\failsafe-3.3.2.jar;C:\Windows\system32\config\systemprofile\.m2\repository\org\seleniumhq\selenium\selenium-ie-driver\4.25.0\selenium-ie-driver-4.25.0.jar;C:\Windows\system32\config\systemprofile\.m2\repository\org\seleniumhq\selenium\selenium-remote-driver\4.25.0\selenium-remote-driver-4.25.0.jar;C:\Windows\system32\config\systemprofile\.m2\repository\com\google\guava\guava\33.3.0-jre\guava-33.3.0-jre.jar;C:\Windows\system32\config\systemprofile\.m2\repository\com\google\guava\failureaccess\1.0.2\failureaccess-1.0.2.jar;C:\Windows\system32\config\systemprofile\.m2\repository\com\google\guava\listenablefuture\9999.0-empty-to-avoid-conflict-with-guava\listenablefuture-9999.0-empty-to-avoid-conflict-with-guava.jar;C:\Windows\system32\config\systemprofile\.m2\repository\com\google\code\findbugs\jsr305\3.0.2\jsr305-3.0.2.jar;C:\Windows\system32\config\systemprofile\.m2\repository\org\checkerframework\checker-qual\3.43.0\checker-qual-3.43.0.jar;C:\Windows\system32\config\systemprofile\.m2\repository\com\google\errorprone\error_prone_annotations\2.28.0\error_prone_annotations-2.28.0.jar;C:\Windows\system32\config\systemprofile\.m2\repository\com\google\j2objc\j2objc-annotations\3.0.0\j2objc-annotations-3.0.0.jar;C:\Windows\system32\config\systemprofile\.m2\repository\io\opentelemetry\semconv\opentelemetry-semconv\1.25.0-alpha\opentelemetry-semconv-1.25.0-alpha.jar;C:\Windows\system32\config\systemprofile\.m2\repository\io\opentelemetry\opentelemetry-api\1.42.1\opentelemetry-api-1.42.1.jar;C:\Windows\system32\config\systemprofile\.m2\repository\io\opentelemetry\opentelemetry-context\1.42.1\opentelemetry-context-1.42.1.jar;C:\Windows\system32\config\systemprofile\.m2\repository\io\opentelemetry\opentelemetry-exporter-logging\1.42.1\opentelemetry-exporter-logging-1.42.1.jar;C:\Windows\system32\config\systemprofile\.m2\repository\io\opentelemetry\opentelemetry-sdk-common\1.42.1\opentelemetry-sdk-common-1.42.1.jar;C:\Windows\system32\config\systemprofile\.m2\repository\io\opentelemetry\opentelemetry-sdk-extension-autoconfigure-spi\1.42.1\opentelemetry-sdk-extension-autoconfigure-spi-1.42.1.jar;C:\Windows\system32\config\systemprofile\.m2\repository\io\opentelemetry\opentelemetry-sdk-extension-autoconfigure\1.42.1\opentelemetry-sdk-extension-autoconfigure-1.42.1.jar;C:\Windows\system32\config\systemprofile\.m2\repository\io\opentelemetry\opentelemetry-api-incubator\1.42.1-alpha\opentelemetry-api-incubator-1.42.1-alpha.jar;C:\Windows\system32\config\systemprofile\.m2\repository\io\opentelemetry\opentelemetry-sdk-trace\1.42.1\opentelemetry-sdk-trace-1.42.1.jar;C:\Windows\system32\config\systemprofile\.m2\repository\io\opentelemetry\opentelemetry-sdk\1.42.1\opentelemetry-sdk-1.42.1.jar;C:\Windows\system32\config\systemprofile\.m2\repository\io\opentelemetry\opentelemetry-sdk-metrics\1.42.1\opentelemetry-sdk-metrics-1.42.1.jar;C:\Windows\system32\config\systemprofile\.m2\repository\io\opentelemetry\opentelemetry-sdk-logs\1.42.1\opentelemetry-sdk-logs-1.42.1.jar;C:\Windows\system32\config\systemprofile\.m2\repository\net\bytebuddy\byte-buddy\1.15.1\byte-buddy-1.15.1.jar;C:\Windows\system32\config\systemprofile\.m2\repository\org\seleniumhq\selenium\selenium-os\4.25.0\selenium-os-4.25.0.jar;C:\Windows\system32\config\systemprofile\.m2\repository\org\apache\commons\commons-exec\1.4.0\commons-exec-1.4.0.jar;C:\Windows\system32\config\systemprofile\.m2\repository\org\seleniumhq\selenium\selenium-safari-driver\4.25.0\selenium-safari-driver-4.25.0.jar;C:\Windows\system32\config\systemprofile\.m2\repository\org\seleniumhq\selenium\selenium-support\4.25.0\selenium-support-4.25.0.jar;C:\Windows\system32\config\systemprofile\.m2\repository\org\testng\testng\7.11.0\testng-7.11.0.jar;C:\Windows\system32\config\systemprofile\.m2\repository\org\slf4j\slf4j-api\2.0.16\slf4j-api-2.0.16.jar;C:\Windows\system32\config\systemprofile\.m2\repository\org\jcommander\jcommander\1.83\jcommander-1.83.jar;C:\Windows\system32\config\systemprofile\.m2\repository\org\webjars\jquery\3.7.1\jquery-3.7.1.jar;C:\Windows\system32\config\systemprofile\.m2\repository\com\aventstack\extentreports\5.0.9\extentreports-5.0.9.jar;C:\Windows\system32\config\systemprofile\.m2\repository\io\reactivex\rxjava3\rxjava\3.0.4\rxjava-3.0.4.jar;C:\Windows\system32\config\systemprofile\.m2\repository\org\reactivestreams\reactive-streams\1.0.3\reactive-streams-1.0.3.jar;C:\Windows\system32\config\systemprofile\.m2\repository\org\freemarker\freemarker\2.3.30\freemarker-2.3.30.jar;C:\Windows\system32\config\systemprofile\.m2\repository\com\google\code\gson\gson\2.8.6\gson-2.8.6.jar;C:\Windows\system32\config\systemprofile\.m2\repository\io\github\bonigarcia\webdrivermanager\5.9.2\webdrivermanager-5.9.2.jar;C:\Windows\system32\config\systemprofile\.m2\repository\com\github\docker-java\docker-java\3.4.0\docker-java-3.4.0.jar;C:\Windows\system32\config\systemprofile\.m2\repository\com\github\docker-java\docker-java-core\3.4.0\docker-java-core-3.4.0.jar;C:\Windows\system32\config\systemprofile\.m2\repository\com\github\docker-java\docker-java-api\3.4.0\docker-java-api-3.4.0.jar;C:\Windows\system32\config\systemprofile\.m2\repository\com\fasterxml\jackson\core\jackson-annotations\2.10.3\jackson-annotations-2.10.3.jar;C:\Windows\system32\config\systemprofile\.m2\repository\com\fasterxml\jackson\core\jackson-databind\2.10.3\jackson-databind-2.10.3.jar;C:\Windows\system32\config\systemprofile\.m2\repository\com\fasterxml\jackson\core\jackson-core\2.10.3\jackson-core-2.10.3.jar;C:\Windows\system32\config\systemprofile\.m2\repository\org\slf4j\jcl-over-slf4j\1.7.30\jcl-over-slf4j-1.7.30.jar;C:\Windows\system32\config\systemprofile\.m2\repository\com\github\docker-java\docker-java-transport-httpclient5\3.4.0\docker-java-transport-httpclient5-3.4.0.jar;C:\Windows\system32\config\systemprofile\.m2\repository\com\github\docker-java\docker-java-transport\3.4.0\docker-java-transport-3.4.0.jar;C:\Windows\system32\config\systemprofile\.m2\repository\net\java\dev\jna\jna\5.13.0\jna-5.13.0.jar;C:\Windows\system32\config\systemprofile\.m2\repository\org\brotli\dec\0.1.2\dec-0.1.2.jar;C:\Windows\system32\config\systemprofile\.m2\repository\org\apache\commons\commons-lang3\3.15.0\commons-lang3-3.15.0.jar;C:\Windows\system32\config\systemprofile\.m2\repository\org\apache\commons\commons-compress\1.26.2\commons-compress-1.26.2.jar;C:\Windows\system32\config\systemprofile\.m2\repository\commons-codec\commons-codec\1.17.0\commons-codec-1.17.0.jar;C:\Windows\system32\config\systemprofile\.m2\repository\org\apache\httpcomponents\client5\httpclient5\5.2.1\httpclient5-5.2.1.jar;C:\Windows\system32\config\systemprofile\.m2\repository\org\apache\httpcomponents\core5\httpcore5\5.2\httpcore5-5.2.jar;C:\Windows\system32\config\systemprofile\.m2\repository\org\apache\httpcomponents\core5\httpcore5-h2\5.2\httpcore5-h2-5.2.jar;"/>
    <property name="java.vm.vendor" value="Oracle Corporation"/>
    <property name="sun.arch.data.model" value="64"/>
    <property name="user.variant" value=""/>
    <property name="java.vendor.url" value="https://java.oracle.com/"/>
    <property name="user.timezone" value="Asia/Calcutta"/>
    <property name="suiteXmlFile" value="src/test/resources/testng.xml"/>
    <property name="os.name" value="Windows 10"/>
    <property name="java.vm.specification.version" value="21"/>
    <property name="sun.java.launcher" value="SUN_STANDARD"/>
    <property name="user.country" value="US"/>
    <property name="sun.boot.library.path" value="C:\Program Files\Java\jdk-21\bin"/>
    <property name="sun.java.command" value="C:\Windows\Temp\surefire3474710679453635614\surefirebooter-20250915185021140_3.jar C:\Windows\Temp\surefire3474710679453635614 2025-09-15T18-50-21_053-jvmRun1 surefire-20250915185021140_1tmp surefire_0-20250915185021140_2tmp"/>
    <property name="jdk.debug" value="release"/>
    <property name="surefire.test.class.path" value="C:\ProgramData\Jenkins\.jenkins\workspace\SauceDemoProject\target\test-classes;C:\ProgramData\Jenkins\.jenkins\workspace\SauceDemoProject\target\classes;C:\Windows\system32\config\systemprofile\.m2\repository\org\apache\directory\studio\org.apache.commons.io\2.4\org.apache.commons.io-2.4.jar;C:\Windows\system32\config\systemprofile\.m2\repository\commons-io\commons-io\2.4\commons-io-2.4.jar;C:\Windows\system32\config\systemprofile\.m2\repository\org\projectlombok\lombok\1.18.34\lombok-1.18.34.jar;C:\Windows\system32\config\systemprofile\.m2\repository\io\cucumber\cucumber-java\7.18.1\cucumber-java-7.18.1.jar;C:\Windows\system32\config\systemprofile\.m2\repository\io\cucumber\cucumber-core\7.18.1\cucumber-core-7.18.1.jar;C:\Windows\system32\config\systemprofile\.m2\repository\io\cucumber\cucumber-gherkin\7.18.1\cucumber-gherkin-7.18.1.jar;C:\Windows\system32\config\systemprofile\.m2\repository\io\cucumber\cucumber-gherkin-messages\7.18.1\cucumber-gherkin-messages-7.18.1.jar;C:\Windows\system32\config\systemprofile\.m2\repository\io\cucumber\gherkin\28.0.0\gherkin-28.0.0.jar;C:\Windows\system32\config\systemprofile\.m2\repository\io\cucumber\messages\24.1.0\messages-24.1.0.jar;C:\Windows\system32\config\systemprofile\.m2\repository\io\cucumber\testng-xml-formatter\0.2.0\testng-xml-formatter-0.2.0.jar;C:\Windows\system32\config\systemprofile\.m2\repository\io\cucumber\query\12.2.0\query-12.2.0.jar;C:\Windows\system32\config\systemprofile\.m2\repository\io\cucumber\tag-expressions\6.1.0\tag-expressions-6.1.0.jar;C:\Windows\system32\config\systemprofile\.m2\repository\io\cucumber\cucumber-expressions\17.1.0\cucumber-expressions-17.1.0.jar;C:\Windows\system32\config\systemprofile\.m2\repository\io\cucumber\datatable\7.18.1\datatable-7.18.1.jar;C:\Windows\system32\config\systemprofile\.m2\repository\io\cucumber\cucumber-plugin\7.18.1\cucumber-plugin-7.18.1.jar;C:\Windows\system32\config\systemprofile\.m2\repository\io\cucumber\docstring\7.18.1\docstring-7.18.1.jar;C:\Windows\system32\config\systemprofile\.m2\repository\io\cucumber\html-formatter\21.4.1\html-formatter-21.4.1.jar;C:\Windows\system32\config\systemprofile\.m2\repository\io\cucumber\junit-xml-formatter\0.5.0\junit-xml-formatter-0.5.0.jar;C:\Windows\system32\config\systemprofile\.m2\repository\io\cucumber\ci-environment\10.0.1\ci-environment-10.0.1.jar;C:\Windows\system32\config\systemprofile\.m2\repository\org\apiguardian\apiguardian-api\1.1.2\apiguardian-api-1.1.2.jar;C:\Windows\system32\config\systemprofile\.m2\repository\io\cucumber\cucumber-testng\7.18.1\cucumber-testng-7.18.1.jar;C:\Windows\system32\config\systemprofile\.m2\repository\org\seleniumhq\selenium\selenium-java\4.25.0\selenium-java-4.25.0.jar;C:\Windows\system32\config\systemprofile\.m2\repository\org\seleniumhq\selenium\selenium-api\4.25.0\selenium-api-4.25.0.jar;C:\Windows\system32\config\systemprofile\.m2\repository\org\jspecify\jspecify\1.0.0\jspecify-1.0.0.jar;C:\Windows\system32\config\systemprofile\.m2\repository\org\seleniumhq\selenium\selenium-chrome-driver\4.25.0\selenium-chrome-driver-4.25.0.jar;C:\Windows\system32\config\systemprofile\.m2\repository\com\google\auto\service\auto-service-annotations\1.1.1\auto-service-annotations-1.1.1.jar;C:\Windows\system32\config\systemprofile\.m2\repository\org\seleniumhq\selenium\selenium-chromium-driver\4.25.0\selenium-chromium-driver-4.25.0.jar;C:\Windows\system32\config\systemprofile\.m2\repository\org\seleniumhq\selenium\selenium-json\4.25.0\selenium-json-4.25.0.jar;C:\Windows\system32\config\systemprofile\.m2\repository\org\seleniumhq\selenium\selenium-manager\4.25.0\selenium-manager-4.25.0.jar;C:\Windows\system32\config\systemprofile\.m2\repository\org\seleniumhq\selenium\selenium-devtools-v127\4.25.0\selenium-devtools-v127-4.25.0.jar;C:\Windows\system32\config\systemprofile\.m2\repository\org\seleniumhq\selenium\selenium-devtools-v128\4.25.0\selenium-devtools-v128-4.25.0.jar;C:\Windows\system32\config\systemprofile\.m2\repository\org\seleniumhq\selenium\selenium-devtools-v129\4.25.0\selenium-devtools-v129-4.25.0.jar;C:\Windows\system32\config\systemprofile\.m2\repository\org\seleniumhq\selenium\selenium-devtools-v85\4.25.0\selenium-devtools-v85-4.25.0.jar;C:\Windows\system32\config\systemprofile\.m2\repository\org\seleniumhq\selenium\selenium-edge-driver\4.25.0\selenium-edge-driver-4.25.0.jar;C:\Windows\system32\config\systemprofile\.m2\repository\org\seleniumhq\selenium\selenium-firefox-driver\4.25.0\selenium-firefox-driver-4.25.0.jar;C:\Windows\system32\config\systemprofile\.m2\repository\org\seleniumhq\selenium\selenium-http\4.25.0\selenium-http-4.25.0.jar;C:\Windows\system32\config\systemprofile\.m2\repository\dev\failsafe\failsafe\3.3.2\failsafe-3.3.2.jar;C:\Windows\system32\config\systemprofile\.m2\repository\org\seleniumhq\selenium\selenium-ie-driver\4.25.0\selenium-ie-driver-4.25.0.jar;C:\Windows\system32\config\systemprofile\.m2\repository\org\seleniumhq\selenium\selenium-remote-driver\4.25.0\selenium-remote-driver-4.25.0.jar;C:\Windows\system32\config\systemprofile\.m2\repository\com\google\guava\guava\33.3.0-jre\guava-33.3.0-jre.jar;C:\Windows\system32\config\systemprofile\.m2\repository\com\google\guava\failureaccess\1.0.2\failureaccess-1.0.2.jar;C:\Windows\system32\config\systemprofile\.m2\repository\com\google\guava\listenablefuture\9999.0-empty-to-avoid-conflict-with-guava\listenablefuture-9999.0-empty-to-avoid-conflict-with-guava.jar;C:\Windows\system32\config\systemprofile\.m2\repository\com\google\code\findbugs\jsr305\3.0.2\jsr305-3.0.2.jar;C:\Windows\system32\config\systemprofile\.m2\repository\org\checkerframework\checker-qual\3.43.0\checker-qual-3.43.0.jar;C:\Windows\system32\config\systemprofile\.m2\repository\com\google\errorprone\error_prone_annotations\2.28.0\error_prone_annotations-2.28.0.jar;C:\Windows\system32\config\systemprofile\.m2\repository\com\google\j2objc\j2objc-annotations\3.0.0\j2objc-annotations-3.0.0.jar;C:\Windows\system32\config\systemprofile\.m2\repository\io\opentelemetry\semconv\opentelemetry-semconv\1.25.0-alpha\opentelemetry-semconv-1.25.0-alpha.jar;C:\Windows\system32\config\systemprofile\.m2\repository\io\opentelemetry\opentelemetry-api\1.42.1\opentelemetry-api-1.42.1.jar;C:\Windows\system32\config\systemprofile\.m2\repository\io\opentelemetry\opentelemetry-context\1.42.1\opentelemetry-context-1.42.1.jar;C:\Windows\system32\config\systemprofile\.m2\repository\io\opentelemetry\opentelemetry-exporter-logging\1.42.1\opentelemetry-exporter-logging-1.42.1.jar;C:\Windows\system32\config\systemprofile\.m2\repository\io\opentelemetry\opentelemetry-sdk-common\1.42.1\opentelemetry-sdk-common-1.42.1.jar;C:\Windows\system32\config\systemprofile\.m2\repository\io\opentelemetry\opentelemetry-sdk-extension-autoconfigure-spi\1.42.1\opentelemetry-sdk-extension-autoconfigure-spi-1.42.1.jar;C:\Windows\system32\config\systemprofile\.m2\repository\io\opentelemetry\opentelemetry-sdk-extension-autoconfigure\1.42.1\opentelemetry-sdk-extension-autoconfigure-1.42.1.jar;C:\Windows\system32\config\systemprofile\.m2\repository\io\opentelemetry\opentelemetry-api-incubator\1.42.1-alpha\opentelemetry-api-incubator-1.42.1-alpha.jar;C:\Windows\system32\config\systemprofile\.m2\repository\io\opentelemetry\opentelemetry-sdk-trace\1.42.1\opentelemetry-sdk-trace-1.42.1.jar;C:\Windows\system32\config\systemprofile\.m2\repository\io\opentelemetry\opentelemetry-sdk\1.42.1\opentelemetry-sdk-1.42.1.jar;C:\Windows\system32\config\systemprofile\.m2\repository\io\opentelemetry\opentelemetry-sdk-metrics\1.42.1\opentelemetry-sdk-metrics-1.42.1.jar;C:\Windows\system32\config\systemprofile\.m2\repository\io\opentelemetry\opentelemetry-sdk-logs\1.42.1\opentelemetry-sdk-logs-1.42.1.jar;C:\Windows\system32\config\systemprofile\.m2\repository\net\bytebuddy\byte-buddy\1.15.1\byte-buddy-1.15.1.jar;C:\Windows\system32\config\systemprofile\.m2\repository\org\seleniumhq\selenium\selenium-os\4.25.0\selenium-os-4.25.0.jar;C:\Windows\system32\config\systemprofile\.m2\repository\org\apache\commons\commons-exec\1.4.0\commons-exec-1.4.0.jar;C:\Windows\system32\config\systemprofile\.m2\repository\org\seleniumhq\selenium\selenium-safari-driver\4.25.0\selenium-safari-driver-4.25.0.jar;C:\Windows\system32\config\systemprofile\.m2\repository\org\seleniumhq\selenium\selenium-support\4.25.0\selenium-support-4.25.0.jar;C:\Windows\system32\config\systemprofile\.m2\repository\org\testng\testng\7.11.0\testng-7.11.0.jar;C:\Windows\system32\config\systemprofile\.m2\repository\org\slf4j\slf4j-api\2.0.16\slf4j-api-2.0.16.jar;C:\Windows\system32\config\systemprofile\.m2\repository\org\jcommander\jcommander\1.83\jcommander-1.83.jar;C:\Windows\system32\config\systemprofile\.m2\repository\org\webjars\jquery\3.7.1\jquery-3.7.1.jar;C:\Windows\system32\config\systemprofile\.m2\repository\com\aventstack\extentreports\5.0.9\extentreports-5.0.9.jar;C:\Windows\system32\config\systemprofile\.m2\repository\io\reactivex\rxjava3\rxjava\3.0.4\rxjava-3.0.4.jar;C:\Windows\system32\config\systemprofile\.m2\repository\org\reactivestreams\reactive-streams\1.0.3\reactive-streams-1.0.3.jar;C:\Windows\system32\config\systemprofile\.m2\repository\org\freemarker\freemarker\2.3.30\freemarker-2.3.30.jar;C:\Windows\system32\config\systemprofile\.m2\repository\com\google\code\gson\gson\2.8.6\gson-2.8.6.jar;C:\Windows\system32\config\systemprofile\.m2\repository\io\github\bonigarcia\webdrivermanager\5.9.2\webdrivermanager-5.9.2.jar;C:\Windows\system32\config\systemprofile\.m2\repository\com\github\docker-java\docker-java\3.4.0\docker-java-3.4.0.jar;C:\Windows\system32\config\systemprofile\.m2\repository\com\github\docker-java\docker-java-core\3.4.0\docker-java-core-3.4.0.jar;C:\Windows\system32\config\systemprofile\.m2\repository\com\github\docker-java\docker-java-api\3.4.0\docker-java-api-3.4.0.jar;C:\Windows\system32\config\systemprofile\.m2\repository\com\fasterxml\jackson\core\jackson-annotations\2.10.3\jackson-annotations-2.10.3.jar;C:\Windows\system32\config\systemprofile\.m2\repository\com\fasterxml\jackson\core\jackson-databind\2.10.3\jackson-databind-2.10.3.jar;C:\Windows\system32\config\systemprofile\.m2\repository\com\fasterxml\jackson\core\jackson-core\2.10.3\jackson-core-2.10.3.jar;C:\Windows\system32\config\systemprofile\.m2\repository\org\slf4j\jcl-over-slf4j\1.7.30\jcl-over-slf4j-1.7.30.jar;C:\Windows\system32\config\systemprofile\.m2\repository\com\github\docker-java\docker-java-transport-httpclient5\3.4.0\docker-java-transport-httpclient5-3.4.0.jar;C:\Windows\system32\config\systemprofile\.m2\repository\com\github\docker-java\docker-java-transport\3.4.0\docker-java-transport-3.4.0.jar;C:\Windows\system32\config\systemprofile\.m2\repository\net\java\dev\jna\jna\5.13.0\jna-5.13.0.jar;C:\Windows\system32\config\systemprofile\.m2\repository\org\brotli\dec\0.1.2\dec-0.1.2.jar;C:\Windows\system32\config\systemprofile\.m2\repository\org\apache\commons\commons-lang3\3.15.0\commons-lang3-3.15.0.jar;C:\Windows\system32\config\systemprofile\.m2\repository\org\apache\commons\commons-compress\1.26.2\commons-compress-1.26.2.jar;C:\Windows\system32\config\systemprofile\.m2\repository\commons-codec\commons-codec\1.17.0\commons-codec-1.17.0.jar;C:\Windows\system32\config\systemprofile\.m2\repository\org\apache\httpcomponents\client5\httpclient5\5.2.1\httpclient5-5.2.1.jar;C:\Windows\system32\config\systemprofile\.m2\repository\org\apache\httpcomponents\core5\httpcore5\5.2\httpcore5-5.2.jar;C:\Windows\system32\config\systemprofile\.m2\repository\org\apache\httpcomponents\core5\httpcore5-h2\5.2\httpcore5-h2-5.2.jar;"/>
    <property name="sun.cpu.endian" value="little"/>
    <property name="user.home" value="C:\Windows\system32\config\systemprofile"/>
    <property name="user.language" value="en"/>
    <property name="java.specification.vendor" value="Oracle Corporation"/>
    <property name="java.version.date" value="2025-07-15"/>
    <property name="java.home" value="C:\Program Files\Java\jdk-21"/>
    <property name="file.separator" value="\"/>
    <property name="basedir" value="C:\ProgramData\Jenkins\.jenkins\workspace\SauceDemoProject"/>
    <property name="java.vm.compressedOopsMode" value="Zero based"/>
    <property name="line.separator" value="&#10;"/>
    <property name="java.vm.specification.vendor" value="Oracle Corporation"/>
    <property name="java.specification.name" value="Java Platform API Specification"/>
    <property name="surefire.real.class.path" value="C:\Windows\Temp\surefire3474710679453635614\surefirebooter-20250915185021140_3.jar"/>
    <property name="user.script" value=""/>
    <property name="sun.management.compiler" value="HotSpot 64-Bit Tiered Compilers"/>
    <property name="java.runtime.version" value="21.0.8+12-LTS-250"/>
    <property name="user.name" value="UMAMAGESHWARI$"/>
    <property name="stdout.encoding" value="Cp1252"/>
    <property name="path.separator" value=";"/>
    <property name="os.version" value="10.0"/>
    <property name="java.runtime.name" value="Java(TM) SE Runtime Environment"/>
    <property name="file.encoding" value="UTF-8"/>
    <property name="java.vm.name" value="Java HotSpot(TM) 64-Bit Server VM"/>
    <property name="localRepository" value="C:\Windows\system32\config\systemprofile\.m2\repository"/>
    <property name="java.vendor.url.bug" value="https://bugreport.java.com/bugreport/"/>
    <property name="java.io.tmpdir" value="C:\Windows\TEMP\"/>
    <property name="java.version" value="21.0.8"/>
    <property name="user.dir" value="C:\ProgramData\Jenkins\.jenkins\workspace\SauceDemoProject"/>
    <property name="os.arch" value="amd64"/>
    <property name="java.vm.specification.name" value="Java Virtual Machine Specification"/>
    <property name="sun.os.patch.level" value=""/>
    <property name="native.encoding" value="Cp1252"/>
    <property name="java.library.path" value="C:\Program Files\Java\jdk-21\bin;C:\Windows\Sun\Java\bin;C:\Windows\system32;C:\Windows;C:\Program Files\Common Files\Oracle\Java\javapath;C:\Windows\system32;C:\Windows;C:\Windows\System32\Wbem;C:\Windows\System32\WindowsPowerShell\v1.0\;C:\Windows\System32\OpenSSH\;C:\Program Files\nodejs\;C:\Program Files\Java\jdk-21\bin;C:\Users\Hp\Downloads\apache-maven-3.9.11\bin;C:\Program Files\Git\cmd;C:\Windows\system32\config\systemprofile\AppData\Local\Microsoft\WindowsApps;."/>
    <property name="java.vm.info" value="mixed mode, sharing"/>
    <property name="stderr.encoding" value="Cp1252"/>
    <property name="java.vendor" value="Oracle Corporation"/>
    <property name="java.vm.version" value="21.0.8+12-LTS-250"/>
    <property name="sun.io.unicode.encoding" value="UnicodeLittle"/>
    <property name="java.class.version" value="65.0"/>
  </properties>
  <testcase name="runScenario[&quot;Valid login with standard_user&quot;, &quot;SauceDemo Login&quot;](1)" classname="runners.TestRunner" time="5.222">
    <system-out><![CDATA[=== Test Suite Started ===

Scenario: Valid login with standard_user                                 # src/test/resources/features/Login.feature:3
  Given I open the SauceDemo login page                                  # StepDefinitions.LoginSteps.openLoginPage()
  When I login with username "standard_user" and password "secret_sauce" # StepDefinitions.LoginSteps.loginWithCredentials(java.lang.String,java.lang.String)
  Then I should be redirected to the inventory page                      # StepDefinitions.LoginSteps.verifySuccessfulLogin()
Screenshot skipped - driver not initialized.
]]></system-out>
    <system-err><![CDATA[SLF4J(W): No SLF4J providers were found.
SLF4J(W): Defaulting to no-operation (NOP) logger implementation
SLF4J(W): See https://www.slf4j.org/codes.html#noProviders for further details.
Sep 15, 2025 6:50:26 PM org.openqa.selenium.devtools.CdpVersionFinder findNearestMatch
WARNING: Unable to find CDP implementation matching 140
Sep 15, 2025 6:50:26 PM org.openqa.selenium.chromium.ChromiumDriver lambda$new$5
WARNING: Unable to find version of CDP to use for 140.0.7339.128. You may need to include a dependency on a specific version of the CDP using something similar to `org.seleniumhq.selenium:selenium-devtools-v86:4.25.0` where the version ("v86") matches the version of the chromium-based browser you're using and the version number of the artifact is the same as Selenium's.
]]></system-err>
  </testcase>
  <testcase name="runScenario[&quot;Invalid login with wrong credentials&quot;, &quot;SauceDemo Login&quot;](2)" classname="runners.TestRunner" time="1.847">
    <system-out><![CDATA[
Scenario: Invalid login with wrong credentials                 # src/test/resources/features/Login.feature:8
  Given I open the SauceDemo login page                        # StepDefinitions.LoginSteps.openLoginPage()
  When I login with username "wrong" and password "wrong"      # StepDefinitions.LoginSteps.loginWithCredentials(java.lang.String,java.lang.String)
  Then I should see an error message containing "Epic sadface" # StepDefinitions.LoginSteps.verifyErrorMessage(java.lang.String)
Screenshot skipped - driver not initialized.
]]></system-out>
    <system-err><![CDATA[Sep 15, 2025 6:50:28 PM org.openqa.selenium.devtools.CdpVersionFinder findNearestMatch
WARNING: Unable to find CDP implementation matching 140
Sep 15, 2025 6:50:28 PM org.openqa.selenium.chromium.ChromiumDriver lambda$new$5
WARNING: Unable to find version of CDP to use for 140.0.7339.128. You may need to include a dependency on a specific version of the CDP using something similar to `org.seleniumhq.selenium:selenium-devtools-v86:4.25.0` where the version ("v86") matches the version of the chromium-based browser you're using and the version number of the artifact is the same as Selenium's.
]]></system-err>
  </testcase>
  <testcase name="addProductToCart" classname="testcases.ProductsTest" time="0.218">
    <system-err><![CDATA[Sep 15, 2025 6:50:30 PM org.openqa.selenium.devtools.CdpVersionFinder findNearestMatch
WARNING: Unable to find CDP implementation matching 140
Sep 15, 2025 6:50:30 PM org.openqa.selenium.chromium.ChromiumDriver lambda$new$5
WARNING: Unable to find version of CDP to use for 140.0.7339.128. You may need to include a dependency on a specific version of the CDP using something similar to `org.seleniumhq.selenium:selenium-devtools-v86:4.25.0` where the version ("v86") matches the version of the chromium-based browser you're using and the version number of the artifact is the same as Selenium's.
]]></system-err>
  </testcase>
  <testcase name="measureProductPageLoadTime" classname="testcases.ProductsTest" time="0.083">
    <system-out><![CDATA[Products page load time: 40 ms
]]></system-out>
  </testcase>
  <testcase name="openProductDetailsPage" classname="testcases.ProductsTest" time="0.122"/>
  <testcase name="removeProductFromCart" classname="testcases.ProductsTest" time="0.145"/>
  <testcase name="verifyProductListingPage" classname="testcases.ProductsTest" time="0.082"/>
  <testcase name="verifyProductNamesAndPricesDisplayed" classname="testcases.ProductsTest" time="0.238"/>
  <testcase name="checkoutWithEmptyCart" classname="testcases.CartTest" time="0.166">
    <system-err><![CDATA[Sep 15, 2025 6:50:34 PM org.openqa.selenium.devtools.CdpVersionFinder findNearestMatch
WARNING: Unable to find CDP implementation matching 140
Sep 15, 2025 6:50:34 PM org.openqa.selenium.chromium.ChromiumDriver lambda$new$5
WARNING: Unable to find version of CDP to use for 140.0.7339.128. You may need to include a dependency on a specific version of the CDP using something similar to `org.seleniumhq.selenium:selenium-devtools-v86:4.25.0` where the version ("v86") matches the version of the chromium-based browser you're using and the version number of the artifact is the same as Selenium's.
]]></system-err>
  </testcase>
  <testcase name="continueShoppingFromCart" classname="testcases.CartTest" time="0.134"/>
  <testcase name="proceedToCheckoutFromCart" classname="testcases.CartTest" time="0.113"/>
  <testcase name="verifyCartItems" classname="testcases.CartTest" time="0.109"/>
  <testcase name="checkoutWithMissingRequiredFields" classname="testcases.CheckOutTest" time="0.327">
    <system-err><![CDATA[Sep 15, 2025 6:50:38 PM org.openqa.selenium.devtools.CdpVersionFinder findNearestMatch
WARNING: Unable to find CDP implementation matching 140
Sep 15, 2025 6:50:38 PM org.openqa.selenium.chromium.ChromiumDriver lambda$new$5
WARNING: Unable to find version of CDP to use for 140.0.7339.128. You may need to include a dependency on a specific version of the CDP using something similar to `org.seleniumhq.selenium:selenium-devtools-v86:4.25.0` where the version ("v86") matches the version of the chromium-based browser you're using and the version number of the artifact is the same as Selenium's.
]]></system-err>
  </testcase>
  <testcase name="checkoutWithValidInformation" classname="testcases.CheckOutTest" time="0.385"/>
  <testcase name="verifyOrderSummaryDetails" classname="testcases.CheckOutTest" time="0.447"/>
  <testcase name="verifyMenuPresent" classname="testcases.NavigationTest" time="0.077">
    <system-err><![CDATA[Sep 15, 2025 6:50:42 PM org.openqa.selenium.devtools.CdpVersionFinder findNearestMatch
WARNING: Unable to find CDP implementation matching 140
Sep 15, 2025 6:50:42 PM org.openqa.selenium.chromium.ChromiumDriver lambda$new$5
WARNING: Unable to find version of CDP to use for 140.0.7339.128. You may need to include a dependency on a specific version of the CDP using something similar to `org.seleniumhq.selenium:selenium-devtools-v86:4.25.0` where the version ("v86") matches the version of the chromium-based browser you're using and the version number of the artifact is the same as Selenium's.
]]></system-err>
  </testcase>
  <testcase name="navigateToAboutPage" classname="testcases.NavigationTest" time="21.471"/>
  <testcase name="verifyFooterLinksAndIcons" classname="testcases.NavigationTest" time="0.127"/>
  <testcase name="logoutFromMenu" classname="testcases.NavigationTest" time="0.824"/>
</testsuite>