<?xml version="1.0" encoding="UTF-8"?>
<!-- Generated by org.testng.reporters.JUnitReportReporter -->
<testsuite hostname="UMAMAGESHWARI" failures="0" tests="2" name="runners.TestRunner" time="11.224" errors="0" timestamp="2025-09-07T19:04:34 IST" skipped="0">
  <testcase classname="runners.TestRunner" name="runScenario" time="2.798"/>
  <testcase classname="runners.TestRunner" name="runScenario" time="8.426"/>
</testsuite> <!-- runners.TestRunner -->
