<?xml version="1.0" encoding="UTF-8"?>
<!-- Generated by org.testng.reporters.JUnitReportReporter -->
<testsuite hostname="UMAMAGESHWARI" failures="0" tests="2" name="runners.TestRunner" time="8.662" errors="0" timestamp="2025-09-09T13:08:55 IST" skipped="0">
  <testcase classname="runners.TestRunner" name="runScenario" time="4.978"/>
  <testcase classname="runners.TestRunner" name="runScenario" time="3.684"/>
</testsuite> <!-- runners.TestRunner -->
