<?xml version="1.0" encoding="UTF-8"?>
<!-- Generated by org.testng.reporters.JUnitReportReporter -->
<testsuite hostname="UMAMAGESHWARI" failures="0" tests="4" name="testcases.NavigationTest" time="30.849" errors="0" timestamp="2025-09-07T19:04:34 IST" skipped="0">
  <testcase classname="testcases.NavigationTest" name="navigateToAboutPage" time="21.355"/>
  <testcase classname="testcases.NavigationTest" name="logoutFromMenu" time="4.210"/>
  <testcase classname="testcases.NavigationTest" name="verifyMenuPresent" time="2.681"/>
  <testcase classname="testcases.NavigationTest" name="verifyFooterLinksAndIcons" time="2.603"/>
</testsuite> <!-- testcases.NavigationTest -->
