<?xml version="1.0" encoding="UTF-8"?>
<!-- Generated by org.testng.reporters.JUnitReportReporter -->
<testsuite hostname="UMAMAGESHWARI" failures="0" tests="4" name="testcases.CartTest" time="4.173" errors="0" timestamp="2025-09-08T00:47:30 IST" skipped="0">
  <testcase classname="testcases.CartTest" name="checkoutWithEmptyCart" time="0.972"/>
  <testcase classname="testcases.CartTest" name="proceedToCheckoutFromCart" time="0.708"/>
  <testcase classname="testcases.CartTest" name="verifyCartItems" time="1.642"/>
  <testcase classname="testcases.CartTest" name="continueShoppingFromCart" time="0.851"/>
</testsuite> <!-- testcases.CartTest -->
