<?xml version="1.0" encoding="UTF-8"?>
<!-- Generated by org.testng.reporters.JUnitReportReporter -->
<testsuite hostname="UMAMAGESHWARI" failures="0" tests="3" name="testcases.CheckOutTest" time="4.860" errors="0" timestamp="2025-09-09T13:08:55 IST" skipped="0">
  <testcase classname="testcases.CheckOutTest" name="checkoutWithValidInformation" time="2.496"/>
  <testcase classname="testcases.CheckOutTest" name="verifyOrderSummaryDetails" time="1.302"/>
  <testcase classname="testcases.CheckOutTest" name="checkoutWithMissingRequiredFields" time="1.062"/>
</testsuite> <!-- testcases.CheckOutTest -->
