<?xml version="1.0" encoding="UTF-8"?>
<!-- Generated by org.testng.reporters.JUnitReportReporter -->
<testsuite hostname="UMAMAGESHWARI" failures="0" tests="4" name="testcases.NavigationTest" time="22.420" errors="0" timestamp="2025-09-09T13:08:55 IST" skipped="0">
  <testcase classname="testcases.NavigationTest" name="verifyMenuPresent" time="0.954"/>
  <testcase classname="testcases.NavigationTest" name="navigateToAboutPage" time="18.120"/>
  <testcase classname="testcases.NavigationTest" name="verifyFooterLinksAndIcons" time="0.580"/>
  <testcase classname="testcases.NavigationTest" name="logoutFromMenu" time="2.766"/>
</testsuite> <!-- testcases.NavigationTest -->
