<?xml version="1.0" encoding="UTF-8"?>
<!-- Generated by org.testng.reporters.JUnitReportReporter -->
<testsuite hostname="UMAMAGESHWARI" failures="0" tests="2" name="testcases.LoginTest" time="23.001" errors="0" timestamp="2025-09-07T12:53:03 IST" skipped="0">
  <testcase classname="testcases.LoginTest" name="testValidLogin" time="19.728"/>
  <testcase classname="testcases.LoginTest" name="testInvalidLogin" time="3.273"/>
</testsuite> <!-- testcases.LoginTest -->
