<?xml version="1.0" encoding="UTF-8"?>
<!-- Generated by org.testng.reporters.JUnitReportReporter -->
<testsuite hostname="UMAMAGESHWARI" failures="0" tests="4" name="testcases.NavigationTest" time="25.725" errors="0" timestamp="2025-09-08T00:47:30 IST" skipped="0">
  <testcase classname="testcases.NavigationTest" name="verifyMenuPresent" time="0.551"/>
  <testcase classname="testcases.NavigationTest" name="logoutFromMenu" time="2.474"/>
  <testcase classname="testcases.NavigationTest" name="navigateToAboutPage" time="22.198"/>
  <testcase classname="testcases.NavigationTest" name="verifyFooterLinksAndIcons" time="0.502"/>
</testsuite> <!-- testcases.NavigationTest -->
