<?xml version="1.0" encoding="UTF-8"?>
<!-- Generated by org.testng.reporters.JUnitReportReporter -->
<testsuite hostname="UMAMAGESHWARI" failures="0" tests="2" name="testcases.LoginTest" time="2.303" errors="0" timestamp="2025-09-08T13:33:53 IST" skipped="0">
  <testcase classname="testcases.LoginTest" name="testValidLogin" time="0.307"/>
  <testcase classname="testcases.LoginTest" name="testInvalidLogin" time="1.996"/>
</testsuite> <!-- testcases.LoginTest -->
