<?xml version="1.0" encoding="UTF-8"?>
<!-- Generated by org.testng.reporters.JUnitReportReporter -->
<testsuite hostname="UMAMAGESHWARI" failures="0" tests="3" name="testcases.CheckOutTest" time="9.040" errors="0" timestamp="2025-09-07T19:04:34 IST" skipped="0">
  <testcase classname="testcases.CheckOutTest" name="checkoutWithMissingRequiredFields" time="3.127"/>
  <testcase classname="testcases.CheckOutTest" name="verifyOrderSummaryDetails" time="2.904"/>
  <testcase classname="testcases.CheckOutTest" name="checkoutWithValidInformation" time="3.009"/>
</testsuite> <!-- testcases.CheckOutTest -->
