<?xml version="1.0" encoding="UTF-8"?>
<!-- Generated by org.testng.reporters.JUnitReportReporter -->
<testsuite hostname="UMAMAGESHWARI" failures="0" tests="2" name="runners.TestRunner" time="7.336" errors="0" timestamp="2025-09-08T00:47:31 IST" skipped="0">
  <testcase classname="runners.TestRunner" name="runScenario" time="4.342"/>
  <testcase classname="runners.TestRunner" name="runScenario" time="2.994"/>
</testsuite> <!-- runners.TestRunner -->
