<?xml version="1.0" encoding="UTF-8"?>
<!-- Generated by org.testng.reporters.JUnitReportReporter -->
<testsuite hostname="UMAMAGESHWARI" failures="0" tests="5" name="testcases.CartTest" time="14.588" errors="0" timestamp="2025-09-07T19:04:34 IST" skipped="0">
  <testcase classname="testcases.CartTest" name="checkoutWithEmptyCart" time="2.869"/>
  <testcase classname="testcases.CartTest" name="verifyCartItems" time="2.914"/>
  <testcase classname="testcases.CartTest" name="proceedToCheckoutFromCart" time="2.852"/>
  <testcase classname="testcases.CartTest" name="removeItemFromCart" time="2.925"/>
  <testcase classname="testcases.CartTest" name="continueShoppingFromCart" time="3.028"/>
</testsuite> <!-- testcases.CartTest -->
