<?xml version="1.0" encoding="UTF-8"?>
<!-- Generated by org.testng.reporters.JUnitReportReporter -->
<testsuite hostname="UMAMAGESHWARI" failures="0" tests="6" name="testcases.ProductsTest" time="16.135" errors="0" timestamp="2025-09-07T19:04:34 IST" skipped="0">
  <testcase classname="testcases.ProductsTest" name="openProductDetailsPage" time="2.604"/>
  <testcase classname="testcases.ProductsTest" name="verifyProductListingPage" time="2.850"/>
  <testcase classname="testcases.ProductsTest" name="removeProductFromCart" time="2.654"/>
  <testcase classname="testcases.ProductsTest" name="addProductToCart" time="2.918"/>
  <testcase classname="testcases.ProductsTest" name="verifyProductNamesAndPricesDisplayed" time="2.526"/>
  <testcase classname="testcases.ProductsTest" name="measureProductPageLoadTime" time="2.583"/>
</testsuite> <!-- testcases.ProductsTest -->
