<?xml version="1.0" encoding="UTF-8"?>
<!-- Generated by org.testng.reporters.JUnitReportReporter -->
<testsuite hostname="UMAMAGESHWARI" failures="0" tests="6" name="testcases.ProductsTest" time="4.872" errors="0" timestamp="2025-09-08T00:47:30 IST" skipped="0">
  <testcase classname="testcases.ProductsTest" name="verifyProductListingPage" time="0.472"/>
  <testcase classname="testcases.ProductsTest" name="removeProductFromCart" time="0.657"/>
  <testcase classname="testcases.ProductsTest" name="addProductToCart" time="1.799"/>
  <testcase classname="testcases.ProductsTest" name="openProductDetailsPage" time="0.562"/>
  <testcase classname="testcases.ProductsTest" name="measureProductPageLoadTime" time="0.559"/>
  <testcase classname="testcases.ProductsTest" name="verifyProductNamesAndPricesDisplayed" time="0.823"/>
</testsuite> <!-- testcases.ProductsTest -->
