<?xml version="1.0" encoding="UTF-8"?>
<!-- Generated by org.testng.reporters.JUnitReportReporter -->
<testsuite hostname="UMAMAGESHWARI" failures="0" tests="6" name="testcases.ProductsTest" time="7.133" errors="0" timestamp="2025-09-09T13:08:55 IST" skipped="0">
  <testcase classname="testcases.ProductsTest" name="openProductDetailsPage" time="0.729"/>
  <testcase classname="testcases.ProductsTest" name="verifyProductListingPage" time="3.931"/>
  <testcase classname="testcases.ProductsTest" name="verifyProductNamesAndPricesDisplayed" time="0.656"/>
  <testcase classname="testcases.ProductsTest" name="measureProductPageLoadTime" time="0.402"/>
  <testcase classname="testcases.ProductsTest" name="removeProductFromCart" time="0.580"/>
  <testcase classname="testcases.ProductsTest" name="addProductToCart" time="0.835"/>
</testsuite> <!-- testcases.ProductsTest -->
