<?xml version="1.0" encoding="UTF-8"?>
<!-- Generated by org.testng.reporters.JUnitReportReporter -->
<testsuite hostname="UMAMAGESHWARI" failures="0" tests="3" name="testcases.CheckOutTest" time="5.190" errors="0" timestamp="2025-09-08T00:47:31 IST" skipped="0">
  <testcase classname="testcases.CheckOutTest" name="checkoutWithValidInformation" time="2.544"/>
  <testcase classname="testcases.CheckOutTest" name="verifyOrderSummaryDetails" time="1.435"/>
  <testcase classname="testcases.CheckOutTest" name="checkoutWithMissingRequiredFields" time="1.211"/>
</testsuite> <!-- testcases.CheckOutTest -->
