<?xml version="1.0" encoding="UTF-8"?>
<!-- Generated by org.testng.reporters.JUnitReportReporter -->
<testsuite hostname="UMAMAGESHWARI" failures="0" tests="4" name="testcases.CartTest" time="3.535" errors="0" timestamp="2025-09-09T13:08:55 IST" skipped="0">
  <testcase classname="testcases.CartTest" name="continueShoppingFromCart" time="0.491"/>
  <testcase classname="testcases.CartTest" name="checkoutWithEmptyCart" time="0.533"/>
  <testcase classname="testcases.CartTest" name="verifyCartItems" time="1.977"/>
  <testcase classname="testcases.CartTest" name="proceedToCheckoutFromCart" time="0.534"/>
</testsuite> <!-- testcases.CartTest -->
