<?xml version="1.0" encoding="UTF-8"?>
<!-- Generated by org.testng.reporters.JUnitReportReporter -->
<testsuite hostname="UMAMAGESHWARI" failures="0" tests="6" name="testcases.ProductsTest" time="4.854" errors="0" timestamp="2025-10-04T18:51:53 IST" skipped="0">
  <testcase classname="testcases.ProductsTest" name="verifyProductNamesAndPricesDisplayed" time="0.714"/>
  <testcase classname="testcases.ProductsTest" name="verifyProductListingPage" time="0.610"/>
  <testcase classname="testcases.ProductsTest" name="removeProductFromCart" time="0.704"/>
  <testcase classname="testcases.ProductsTest" name="measureProductPageLoadTime" time="0.506"/>
  <testcase classname="testcases.ProductsTest" name="openProductDetailsPage" time="0.599"/>
  <testcase classname="testcases.ProductsTest" name="addProductToCart" time="1.721"/>
</testsuite> <!-- testcases.ProductsTest -->
