<?xml version="1.0" encoding="UTF-8"?>
<!-- Generated by org.testng.reporters.JUnitReportReporter -->
<testsuite hostname="UMAMAGESHWARI" failures="0" tests="3" name="testcases.CheckOutTest" time="6.087" errors="0" timestamp="2025-09-09T17:01:38 IST" skipped="0">
  <testcase classname="testcases.CheckOutTest" name="verifyOrderSummaryDetails" time="1.588"/>
  <testcase classname="testcases.CheckOutTest" name="checkoutWithValidInformation" time="1.441"/>
  <testcase classname="testcases.CheckOutTest" name="checkoutWithMissingRequiredFields" time="3.058"/>
</testsuite> <!-- testcases.CheckOutTest -->
