<?xml version="1.0" encoding="UTF-8"?>
<!-- Generated by org.testng.reporters.JUnitReportReporter -->
<testsuite hostname="UMAMAGESHWARI" failures="0" tests="2" name="runners.TestRunner" time="26.519" errors="0" timestamp="2025-10-24T18:51:41 IST" skipped="0">
  <testcase classname="runners.TestRunner" name="runScenario" time="2.426"/>
  <testcase classname="runners.TestRunner" name="runScenario" time="24.093"/>
</testsuite> <!-- runners.TestRunner -->
