<?xml version="1.0" encoding="UTF-8"?>
<!-- Generated by org.testng.reporters.JUnitReportReporter -->
<testsuite hostname="UMAMAGESHWARI" failures="0" tests="2" name="runners.TestRunner" time="84.710" errors="0" timestamp="2025-09-09T17:01:38 IST" skipped="0">
  <testcase classname="runners.TestRunner" name="runScenario" time="4.851"/>
  <testcase classname="runners.TestRunner" name="runScenario" time="79.859"/>
</testsuite> <!-- runners.TestRunner -->
