<?xml version="1.0" encoding="UTF-8"?>
<!-- Generated by org.testng.reporters.JUnitReportReporter -->
<testsuite hostname="UMAMAGESHWARI" failures="0" tests="3" name="testcases.CheckOutTest" time="9.186" errors="0" timestamp="2025-09-13T18:53:00 IST" skipped="0">
  <testcase classname="testcases.CheckOutTest" name="checkoutWithValidInformation" time="1.298"/>
  <testcase classname="testcases.CheckOutTest" name="checkoutWithMissingRequiredFields" time="1.217"/>
  <testcase classname="testcases.CheckOutTest" name="verifyOrderSummaryDetails" time="6.671"/>
</testsuite> <!-- testcases.CheckOutTest -->
