<?xml version="1.0" encoding="UTF-8"?>
<!-- Generated by org.testng.reporters.JUnitReportReporter -->
<testsuite hostname="UMAMAGESHWARI" failures="0" tests="3" name="testcases.CheckOutTest" time="3.834" errors="0" timestamp="2025-09-09T15:58:57 IST" skipped="0">
  <testcase classname="testcases.CheckOutTest" name="checkoutWithMissingRequiredFields" time="1.818"/>
  <testcase classname="testcases.CheckOutTest" name="verifyOrderSummaryDetails" time="1.052"/>
  <testcase classname="testcases.CheckOutTest" name="checkoutWithValidInformation" time="0.964"/>
</testsuite> <!-- testcases.CheckOutTest -->
