<?xml version="1.0" encoding="UTF-8"?>
<!-- Generated by org.testng.reporters.JUnitReportReporter -->
<testsuite hostname="UMAMAGESHWARI" failures="0" tests="3" name="testcases.CheckOutTest" time="4.277" errors="0" timestamp="2025-10-27T19:15:46 IST" skipped="0">
  <testcase classname="testcases.CheckOutTest" name="verifyOrderSummaryDetails" time="1.105"/>
  <testcase classname="testcases.CheckOutTest" name="checkoutWithValidInformation" time="1.063"/>
  <testcase classname="testcases.CheckOutTest" name="checkoutWithMissingRequiredFields" time="2.109"/>
</testsuite> <!-- testcases.CheckOutTest -->
