<?xml version="1.0" encoding="UTF-8"?>
<!-- Generated by org.testng.reporters.JUnitReportReporter -->
<testsuite hostname="UMAMAGESHWARI" failures="0" tests="4" name="testcases.CartTest" time="3.477" errors="0" timestamp="2025-10-07T15:30:08 IST" skipped="0">
  <testcase classname="testcases.CartTest" name="proceedToCheckoutFromCart" time="0.809"/>
  <testcase classname="testcases.CartTest" name="verifyCartItems" time="1.382"/>
  <testcase classname="testcases.CartTest" name="continueShoppingFromCart" time="0.655"/>
  <testcase classname="testcases.CartTest" name="checkoutWithEmptyCart" time="0.631"/>
</testsuite> <!-- testcases.CartTest -->
