<?xml version="1.0" encoding="UTF-8"?>
<!-- Generated by org.testng.reporters.JUnitReportReporter -->
<testsuite hostname="UMAMAGESHWARI" failures="0" tests="3" name="testcases.CheckOutTest" time="7.444" errors="0" timestamp="2025-09-09T15:44:47 IST" skipped="0">
  <testcase classname="testcases.CheckOutTest" name="checkoutWithValidInformation" time="4.202"/>
  <testcase classname="testcases.CheckOutTest" name="checkoutWithMissingRequiredFields" time="1.520"/>
  <testcase classname="testcases.CheckOutTest" name="verifyOrderSummaryDetails" time="1.722"/>
</testsuite> <!-- testcases.CheckOutTest -->
