<?xml version="1.0" encoding="UTF-8"?>
<!-- Generated by org.testng.reporters.JUnitReportReporter -->
<testsuite hostname="UMAMAGESHWARI" failures="0" tests="4" name="testcases.CartTest" time="2.434" errors="0" timestamp="2025-09-15T18:51:07 IST" skipped="0">
  <testcase classname="testcases.CartTest" name="checkoutWithEmptyCart" time="1.237"/>
  <testcase classname="testcases.CartTest" name="verifyCartItems" time="0.416"/>
  <testcase classname="testcases.CartTest" name="proceedToCheckoutFromCart" time="0.390"/>
  <testcase classname="testcases.CartTest" name="continueShoppingFromCart" time="0.391"/>
</testsuite> <!-- testcases.CartTest -->
