<?xml version="1.0" encoding="UTF-8"?>
<!-- Generated by org.testng.reporters.JUnitReportReporter -->
<testsuite hostname="UMAMAGESHWARI" failures="0" tests="4" name="testcases.NavigationTest" time="24.511" errors="0" timestamp="2025-10-04T18:51:53 IST" skipped="0">
  <testcase classname="testcases.NavigationTest" name="verifyMenuPresent" time="0.506"/>
  <testcase classname="testcases.NavigationTest" name="navigateToAboutPage" time="20.781"/>
  <testcase classname="testcases.NavigationTest" name="verifyFooterLinksAndIcons" time="0.542"/>
  <testcase classname="testcases.NavigationTest" name="logoutFromMenu" time="2.682"/>
</testsuite> <!-- testcases.NavigationTest -->
