<?xml version="1.0" encoding="UTF-8"?>
<!-- Generated by org.testng.reporters.JUnitReportReporter -->
<testsuite hostname="UMAMAGESHWARI" failures="0" tests="4" name="testcases.CartTest" time="4.754" errors="0" timestamp="2025-09-09T15:56:32 IST" skipped="0">
  <testcase classname="testcases.CartTest" name="continueShoppingFromCart" time="0.653"/>
  <testcase classname="testcases.CartTest" name="proceedToCheckoutFromCart" time="2.669"/>
  <testcase classname="testcases.CartTest" name="verifyCartItems" time="0.637"/>
  <testcase classname="testcases.CartTest" name="checkoutWithEmptyCart" time="0.795"/>
</testsuite> <!-- testcases.CartTest -->
