<?xml version="1.0" encoding="UTF-8"?>
<!-- Generated by org.testng.reporters.JUnitReportReporter -->
<testsuite hostname="UMAMAGESHWARI" failures="0" tests="4" name="testcases.NavigationTest" time="49.743" errors="0" timestamp="2025-09-09T17:01:38 IST" skipped="0">
  <testcase classname="testcases.NavigationTest" name="verifyMenuPresent" time="0.411"/>
  <testcase classname="testcases.NavigationTest" name="navigateToAboutPage" time="44.615"/>
  <testcase classname="testcases.NavigationTest" name="verifyFooterLinksAndIcons" time="3.578"/>
  <testcase classname="testcases.NavigationTest" name="logoutFromMenu" time="1.139"/>
</testsuite> <!-- testcases.NavigationTest -->
