<?xml version="1.0" encoding="UTF-8"?>
<!-- Generated by org.testng.reporters.JUnitReportReporter -->
<testsuite hostname="UMAMAGESHWARI" failures="0" tests="6" name="testcases.ProductsTest" time="4.503" errors="0" timestamp="2025-10-07T15:30:08 IST" skipped="0">
  <testcase classname="testcases.ProductsTest" name="addProductToCart" time="0.588"/>
  <testcase classname="testcases.ProductsTest" name="measureProductPageLoadTime" time="1.547"/>
  <testcase classname="testcases.ProductsTest" name="removeProductFromCart" time="0.685"/>
  <testcase classname="testcases.ProductsTest" name="verifyProductNamesAndPricesDisplayed" time="0.531"/>
  <testcase classname="testcases.ProductsTest" name="verifyProductListingPage" time="0.437"/>
  <testcase classname="testcases.ProductsTest" name="openProductDetailsPage" time="0.715"/>
</testsuite> <!-- testcases.ProductsTest -->
