<?xml version="1.0" encoding="UTF-8"?>
<!-- Generated by org.testng.reporters.JUnitReportReporter -->
<testsuite hostname="UMAMAGESHWARI" failures="0" tests="4" name="testcases.NavigationTest" time="24.216" errors="0" timestamp="2025-10-24T18:51:41 IST" skipped="0">
  <testcase classname="testcases.NavigationTest" name="verifyMenuPresent" time="0.277"/>
  <testcase classname="testcases.NavigationTest" name="navigateToAboutPage" time="21.298"/>
  <testcase classname="testcases.NavigationTest" name="verifyFooterLinksAndIcons" time="0.335"/>
  <testcase classname="testcases.NavigationTest" name="logoutFromMenu" time="2.306"/>
</testsuite> <!-- testcases.NavigationTest -->
