<?xml version="1.0" encoding="UTF-8"?>
<!-- Generated by org.testng.reporters.JUnitReportReporter -->
<testsuite hostname="UMAMAGESHWARI" failures="0" tests="2" name="runners.TestRunner" time="38.520" errors="0" timestamp="2025-10-01T23:25:09 IST" skipped="0">
  <testcase classname="runners.TestRunner" name="runScenario" time="35.876"/>
  <testcase classname="runners.TestRunner" name="runScenario" time="2.644"/>
</testsuite> <!-- runners.TestRunner -->
