<?xml version="1.0" encoding="UTF-8"?>
<!-- Generated by org.testng.reporters.JUnitReportReporter -->
<testsuite hostname="UMAMAGESHWARI" failures="0" tests="3" name="testcases.CheckOutTest" time="5.401" errors="0" timestamp="2025-09-09T15:56:32 IST" skipped="0">
  <testcase classname="testcases.CheckOutTest" name="checkoutWithValidInformation" time="3.310"/>
  <testcase classname="testcases.CheckOutTest" name="verifyOrderSummaryDetails" time="1.118"/>
  <testcase classname="testcases.CheckOutTest" name="checkoutWithMissingRequiredFields" time="0.973"/>
</testsuite> <!-- testcases.CheckOutTest -->
