<?xml version="1.0" encoding="UTF-8"?>
<!-- Generated by org.testng.reporters.JUnitReportReporter -->
<testsuite hostname="UMAMAGESHWARI" failures="0" tests="3" name="testcases.CheckOutTest" time="56.116" errors="0" timestamp="2025-10-03T18:54:04 IST" skipped="0">
  <testcase classname="testcases.CheckOutTest" name="checkoutWithMissingRequiredFields" time="13.111"/>
  <testcase classname="testcases.CheckOutTest" name="verifyOrderSummaryDetails" time="20.946"/>
  <testcase classname="testcases.CheckOutTest" name="checkoutWithValidInformation" time="22.059"/>
</testsuite> <!-- testcases.CheckOutTest -->
