<?xml version="1.0" encoding="UTF-8"?>
<!-- Generated by org.testng.reporters.JUnitReportReporter -->
<testsuite hostname="UMAMAGESHWARI" failures="0" tests="6" name="testcases.ProductsTest" time="2.866" errors="0" timestamp="2025-09-15T18:51:07 IST" skipped="0">
  <testcase classname="testcases.ProductsTest" name="openProductDetailsPage" time="0.337"/>
  <testcase classname="testcases.ProductsTest" name="verifyProductListingPage" time="1.096"/>
  <testcase classname="testcases.ProductsTest" name="removeProductFromCart" time="0.348"/>
  <testcase classname="testcases.ProductsTest" name="addProductToCart" time="0.373"/>
  <testcase classname="testcases.ProductsTest" name="verifyProductNamesAndPricesDisplayed" time="0.397"/>
  <testcase classname="testcases.ProductsTest" name="measureProductPageLoadTime" time="0.315"/>
</testsuite> <!-- testcases.ProductsTest -->
