<?xml version="1.0" encoding="UTF-8"?>
<!-- Generated by org.testng.reporters.JUnitReportReporter -->
<testsuite hostname="UMAMAGESHWARI" failures="0" tests="2" name="runners.TestRunner" time="7.066" errors="0" timestamp="2025-09-15T18:51:07 IST" skipped="0">
  <testcase classname="runners.TestRunner" name="runScenario" time="1.848"/>
  <testcase classname="runners.TestRunner" name="runScenario" time="5.218"/>
</testsuite> <!-- runners.TestRunner -->
