<?xml version="1.0" encoding="UTF-8"?>
<!-- Generated by org.testng.reporters.JUnitReportReporter -->
<testsuite hostname="UMAMAGESHWARI" failures="0" tests="6" name="testcases.ProductsTest" time="6.565" errors="0" timestamp="2025-09-12T20:46:23 IST" skipped="0">
  <testcase classname="testcases.ProductsTest" name="addProductToCart" time="0.817"/>
  <testcase classname="testcases.ProductsTest" name="measureProductPageLoadTime" time="0.949"/>
  <testcase classname="testcases.ProductsTest" name="removeProductFromCart" time="0.583"/>
  <testcase classname="testcases.ProductsTest" name="verifyProductListingPage" time="0.817"/>
  <testcase classname="testcases.ProductsTest" name="openProductDetailsPage" time="2.562"/>
  <testcase classname="testcases.ProductsTest" name="verifyProductNamesAndPricesDisplayed" time="0.837"/>
</testsuite> <!-- testcases.ProductsTest -->
