<?xml version="1.0" encoding="UTF-8"?>
<!-- Generated by org.testng.reporters.JUnitReportReporter -->
<testsuite hostname="UMAMAGESHWARI" failures="0" tests="4" name="testcases.NavigationTest" time="35.639" errors="0" timestamp="2025-09-09T14:42:14 IST" skipped="0">
  <testcase classname="testcases.NavigationTest" name="verifyMenuPresent" time="0.389"/>
  <testcase classname="testcases.NavigationTest" name="logoutFromMenu" time="1.230"/>
  <testcase classname="testcases.NavigationTest" name="navigateToAboutPage" time="32.606"/>
  <testcase classname="testcases.NavigationTest" name="verifyFooterLinksAndIcons" time="1.414"/>
</testsuite> <!-- testcases.NavigationTest -->
