<?xml version="1.0" encoding="UTF-8"?>
<!-- Generated by org.testng.reporters.JUnitReportReporter -->
<testsuite hostname="UMAMAGESHWARI" failures="0" tests="2" name="runners.TestRunner" time="5.283" errors="0" timestamp="2025-09-09T16:18:02 IST" skipped="0">
  <testcase classname="runners.TestRunner" name="runScenario" time="2.109"/>
  <testcase classname="runners.TestRunner" name="runScenario" time="3.174"/>
</testsuite> <!-- runners.TestRunner -->
