<?xml version="1.0" encoding="UTF-8"?>
<!-- Generated by org.testng.reporters.JUnitReportReporter -->
<testsuite hostname="UMAMAGESHWARI" failures="0" tests="6" name="testcases.ProductsTest" time="6.886" errors="0" timestamp="2025-09-09T15:58:57 IST" skipped="0">
  <testcase classname="testcases.ProductsTest" name="measureProductPageLoadTime" time="0.387"/>
  <testcase classname="testcases.ProductsTest" name="openProductDetailsPage" time="0.448"/>
  <testcase classname="testcases.ProductsTest" name="verifyProductListingPage" time="0.377"/>
  <testcase classname="testcases.ProductsTest" name="verifyProductNamesAndPricesDisplayed" time="0.487"/>
  <testcase classname="testcases.ProductsTest" name="addProductToCart" time="0.583"/>
  <testcase classname="testcases.ProductsTest" name="removeProductFromCart" time="4.604"/>
</testsuite> <!-- testcases.ProductsTest -->
