<?xml version="1.0" encoding="UTF-8"?>
<!-- Generated by org.testng.reporters.JUnitReportReporter -->
<testsuite hostname="UMAMAGESHWARI" failures="0" tests="3" name="testcases.CheckOutTest" time="3.354" errors="0" timestamp="2025-09-17T18:51:46 IST" skipped="0">
  <testcase classname="testcases.CheckOutTest" name="verifyOrderSummaryDetails" time="1.789"/>
  <testcase classname="testcases.CheckOutTest" name="checkoutWithMissingRequiredFields" time="0.757"/>
  <testcase classname="testcases.CheckOutTest" name="checkoutWithValidInformation" time="0.808"/>
</testsuite> <!-- testcases.CheckOutTest -->
