<?xml version="1.0" encoding="UTF-8"?>
<!-- Generated by org.testng.reporters.JUnitReportReporter -->
<testsuite hostname="UMAMAGESHWARI" failures="0" tests="4" name="testcases.CartTest" time="4.167" errors="0" timestamp="2025-09-09T17:01:38 IST" skipped="0">
  <testcase classname="testcases.CartTest" name="proceedToCheckoutFromCart" time="0.661"/>
  <testcase classname="testcases.CartTest" name="checkoutWithEmptyCart" time="2.036"/>
  <testcase classname="testcases.CartTest" name="verifyCartItems" time="0.685"/>
  <testcase classname="testcases.CartTest" name="continueShoppingFromCart" time="0.785"/>
</testsuite> <!-- testcases.CartTest -->
