<?xml version="1.0" encoding="UTF-8"?>
<!-- Generated by org.testng.reporters.JUnitReportReporter -->
<testsuite hostname="UMAMAGESHWARI" failures="0" tests="4" name="testcases.CartTest" time="7.855" errors="0" timestamp="2025-09-09T14:42:14 IST" skipped="0">
  <testcase classname="testcases.CartTest" name="checkoutWithEmptyCart" time="0.854"/>
  <testcase classname="testcases.CartTest" name="proceedToCheckoutFromCart" time="0.546"/>
  <testcase classname="testcases.CartTest" name="continueShoppingFromCart" time="5.749"/>
  <testcase classname="testcases.CartTest" name="verifyCartItems" time="0.706"/>
</testsuite> <!-- testcases.CartTest -->
