<?xml version="1.0" encoding="UTF-8"?>
<!-- Generated by org.testng.reporters.JUnitReportReporter -->
<testsuite hostname="UMAMAGESHWARI" failures="0" tests="2" name="runners.TestRunner" time="36.236" errors="0" timestamp="2025-09-12T20:46:23 IST" skipped="0">
  <testcase classname="runners.TestRunner" name="runScenario" time="4.615"/>
  <testcase classname="runners.TestRunner" name="runScenario" time="31.621"/>
</testsuite> <!-- runners.TestRunner -->
