<?xml version="1.0" encoding="UTF-8"?>
<!-- Generated by org.testng.reporters.JUnitReportReporter -->
<testsuite hostname="UMAMAGESHWARI" failures="0" tests="6" name="testcases.ProductsTest" time="5.415" errors="0" timestamp="2025-10-01T23:25:09 IST" skipped="0">
  <testcase classname="testcases.ProductsTest" name="verifyProductListingPage" time="0.359"/>
  <testcase classname="testcases.ProductsTest" name="removeProductFromCart" time="0.475"/>
  <testcase classname="testcases.ProductsTest" name="openProductDetailsPage" time="3.161"/>
  <testcase classname="testcases.ProductsTest" name="addProductToCart" time="0.599"/>
  <testcase classname="testcases.ProductsTest" name="measureProductPageLoadTime" time="0.366"/>
  <testcase classname="testcases.ProductsTest" name="verifyProductNamesAndPricesDisplayed" time="0.455"/>
</testsuite> <!-- testcases.ProductsTest -->
