<?xml version="1.0" encoding="UTF-8"?>
<!-- Generated by org.testng.reporters.JUnitReportReporter -->
<testsuite hostname="UMAMAGESHWARI" failures="0" tests="2" name="runners.TestRunner" time="22.516" errors="0" timestamp="2025-09-18T18:52:10 IST" skipped="0">
  <testcase classname="runners.TestRunner" name="runScenario" time="19.101"/>
  <testcase classname="runners.TestRunner" name="runScenario" time="3.415"/>
</testsuite> <!-- runners.TestRunner -->
