<?xml version="1.0" encoding="UTF-8"?>
<!-- Generated by org.testng.reporters.JUnitReportReporter -->
<testsuite hostname="UMAMAGESHWARI" failures="0" tests="2" name="runners.TestRunner" time="25.810" errors="0" timestamp="2025-10-04T18:51:53 IST" skipped="0">
  <testcase classname="runners.TestRunner" name="runScenario" time="2.823"/>
  <testcase classname="runners.TestRunner" name="runScenario" time="22.987"/>
</testsuite> <!-- runners.TestRunner -->
