<?xml version="1.0" encoding="UTF-8"?>
<!-- Generated by org.testng.reporters.JUnitReportReporter -->
<testsuite hostname="UMAMAGESHWARI" failures="0" tests="2" name="runners.TestRunner" time="15.991" errors="0" timestamp="2025-09-09T15:56:32 IST" skipped="0">
  <testcase classname="runners.TestRunner" name="runScenario" time="3.650"/>
  <testcase classname="runners.TestRunner" name="runScenario" time="12.341"/>
</testsuite> <!-- runners.TestRunner -->
