<?xml version="1.0" encoding="UTF-8"?>
<!-- Generated by org.testng.reporters.JUnitReportReporter -->
<testsuite hostname="UMAMAGESHWARI" failures="0" tests="4" name="testcases.CartTest" time="2.668" errors="0" timestamp="2025-09-17T18:51:46 IST" skipped="0">
  <testcase classname="testcases.CartTest" name="verifyCartItems" time="0.422"/>
  <testcase classname="testcases.CartTest" name="checkoutWithEmptyCart" time="1.407"/>
  <testcase classname="testcases.CartTest" name="continueShoppingFromCart" time="0.429"/>
  <testcase classname="testcases.CartTest" name="proceedToCheckoutFromCart" time="0.410"/>
</testsuite> <!-- testcases.CartTest -->
