<?xml version="1.0" encoding="UTF-8"?>
<!-- Generated by org.testng.reporters.JUnitReportReporter -->
<testsuite hostname="UMAMAGESHWARI" failures="0" tests="4" name="testcases.NavigationTest" time="60.677" errors="0" timestamp="2025-09-13T18:53:00 IST" skipped="0">
  <testcase classname="testcases.NavigationTest" name="verifyMenuPresent" time="7.102"/>
  <testcase classname="testcases.NavigationTest" name="navigateToAboutPage" time="51.694"/>
  <testcase classname="testcases.NavigationTest" name="verifyFooterLinksAndIcons" time="0.599"/>
  <testcase classname="testcases.NavigationTest" name="logoutFromMenu" time="1.282"/>
</testsuite> <!-- testcases.NavigationTest -->
