<?xml version="1.0" encoding="UTF-8"?>
<!-- Generated by org.testng.reporters.JUnitReportReporter -->
<testsuite hostname="UMAMAGESHWARI" failures="0" tests="4" name="testcases.NavigationTest" time="25.737" errors="0" timestamp="2025-09-09T14:51:08 IST" skipped="0">
  <testcase classname="testcases.NavigationTest" name="verifyMenuPresent" time="0.374"/>
  <testcase classname="testcases.NavigationTest" name="logoutFromMenu" time="2.120"/>
  <testcase classname="testcases.NavigationTest" name="navigateToAboutPage" time="22.779"/>
  <testcase classname="testcases.NavigationTest" name="verifyFooterLinksAndIcons" time="0.464"/>
</testsuite> <!-- testcases.NavigationTest -->
