<?xml version="1.0" encoding="UTF-8"?>
<!-- Generated by org.testng.reporters.JUnitReportReporter -->
<testsuite hostname="UMAMAGESHWARI" failures="0" tests="3" name="testcases.CheckOutTest" time="4.646" errors="0" timestamp="2025-09-09T14:51:08 IST" skipped="0">
  <testcase classname="testcases.CheckOutTest" name="checkoutWithMissingRequiredFields" time="1.001"/>
  <testcase classname="testcases.CheckOutTest" name="checkoutWithValidInformation" time="2.715"/>
  <testcase classname="testcases.CheckOutTest" name="verifyOrderSummaryDetails" time="0.930"/>
</testsuite> <!-- testcases.CheckOutTest -->
