<?xml version="1.0" encoding="UTF-8"?>
<!-- Generated by org.testng.reporters.JUnitReportReporter -->
<testsuite hostname="UMAMAGESHWARI" failures="0" tests="6" name="testcases.ProductsTest" time="3.234" errors="0" timestamp="2025-09-17T18:51:46 IST" skipped="0">
  <testcase classname="testcases.ProductsTest" name="addProductToCart" time="0.438"/>
  <testcase classname="testcases.ProductsTest" name="verifyProductListingPage" time="0.284"/>
  <testcase classname="testcases.ProductsTest" name="measureProductPageLoadTime" time="0.351"/>
  <testcase classname="testcases.ProductsTest" name="verifyProductNamesAndPricesDisplayed" time="0.388"/>
  <testcase classname="testcases.ProductsTest" name="openProductDetailsPage" time="1.405"/>
  <testcase classname="testcases.ProductsTest" name="removeProductFromCart" time="0.368"/>
</testsuite> <!-- testcases.ProductsTest -->
