<?xml version="1.0" encoding="UTF-8"?>
<!-- Generated by org.testng.reporters.JUnitReportReporter -->
<testsuite hostname="UMAMAGESHWARI" failures="0" tests="4" name="testcases.NavigationTest" time="31.383" errors="0" timestamp="2025-10-07T15:30:08 IST" skipped="0">
  <testcase classname="testcases.NavigationTest" name="verifyMenuPresent" time="0.663"/>
  <testcase classname="testcases.NavigationTest" name="navigateToAboutPage" time="29.216"/>
  <testcase classname="testcases.NavigationTest" name="verifyFooterLinksAndIcons" time="0.440"/>
  <testcase classname="testcases.NavigationTest" name="logoutFromMenu" time="1.064"/>
</testsuite> <!-- testcases.NavigationTest -->
