<?xml version="1.0" encoding="UTF-8"?>
<!-- Generated by org.testng.reporters.JUnitReportReporter -->
<testsuite hostname="UMAMAGESHWARI" failures="0" tests="3" name="testcases.CheckOutTest" time="8.532" errors="0" timestamp="2025-09-09T14:39:28 IST" skipped="0">
  <testcase classname="testcases.CheckOutTest" name="checkoutWithValidInformation" time="5.081"/>
  <testcase classname="testcases.CheckOutTest" name="checkoutWithMissingRequiredFields" time="1.661"/>
  <testcase classname="testcases.CheckOutTest" name="verifyOrderSummaryDetails" time="1.790"/>
</testsuite> <!-- testcases.CheckOutTest -->
