<?xml version="1.0" encoding="UTF-8"?>
<!-- Generated by org.testng.reporters.JUnitReportReporter -->
<testsuite hostname="UMAMAGESHWARI" failures="0" tests="4" name="testcases.CartTest" time="6.234" errors="0" timestamp="2025-10-03T18:54:04 IST" skipped="0">
  <testcase classname="testcases.CartTest" name="continueShoppingFromCart" time="1.039"/>
  <testcase classname="testcases.CartTest" name="proceedToCheckoutFromCart" time="1.111"/>
  <testcase classname="testcases.CartTest" name="verifyCartItems" time="2.900"/>
  <testcase classname="testcases.CartTest" name="checkoutWithEmptyCart" time="1.184"/>
</testsuite> <!-- testcases.CartTest -->
