<?xml version="1.0" encoding="UTF-8"?>
<!-- Generated by org.testng.reporters.JUnitReportReporter -->
<testsuite hostname="UMAMAGESHWARI" failures="0" tests="4" name="testcases.CartTest" time="3.639" errors="0" timestamp="2025-09-09T15:58:57 IST" skipped="0">
  <testcase classname="testcases.CartTest" name="proceedToCheckoutFromCart" time="0.557"/>
  <testcase classname="testcases.CartTest" name="checkoutWithEmptyCart" time="2.067"/>
  <testcase classname="testcases.CartTest" name="continueShoppingFromCart" time="0.498"/>
  <testcase classname="testcases.CartTest" name="verifyCartItems" time="0.517"/>
</testsuite> <!-- testcases.CartTest -->
