<?xml version="1.0" encoding="UTF-8"?>
<!-- Generated by org.testng.reporters.JUnitReportReporter -->
<testsuite hostname="UMAMAGESHWARI" failures="0" tests="4" name="testcases.NavigationTest" time="24.112" errors="0" timestamp="2025-09-15T18:51:07 IST" skipped="0">
  <testcase classname="testcases.NavigationTest" name="verifyMenuPresent" time="0.270"/>
  <testcase classname="testcases.NavigationTest" name="navigateToAboutPage" time="21.707"/>
  <testcase classname="testcases.NavigationTest" name="verifyFooterLinksAndIcons" time="0.326"/>
  <testcase classname="testcases.NavigationTest" name="logoutFromMenu" time="1.809"/>
</testsuite> <!-- testcases.NavigationTest -->
