<?xml version="1.0" encoding="UTF-8"?>
<!-- Generated by org.testng.reporters.JUnitReportReporter -->
<testsuite hostname="UMAMAGESHWARI" failures="0" tests="3" name="testcases.CheckOutTest" time="3.030" errors="0" timestamp="2025-09-15T18:51:07 IST" skipped="0">
  <testcase classname="testcases.CheckOutTest" name="verifyOrderSummaryDetails" time="0.803"/>
  <testcase classname="testcases.CheckOutTest" name="checkoutWithValidInformation" time="0.721"/>
  <testcase classname="testcases.CheckOutTest" name="checkoutWithMissingRequiredFields" time="1.506"/>
</testsuite> <!-- testcases.CheckOutTest -->
