<?xml version="1.0" encoding="UTF-8"?>
<!-- Generated by org.testng.reporters.JUnitReportReporter -->
<testsuite hostname="UMAMAGESHWARI" failures="0" tests="6" name="testcases.ProductsTest" time="3.860" errors="0" timestamp="2025-10-27T19:15:46 IST" skipped="0">
  <testcase classname="testcases.ProductsTest" name="openProductDetailsPage" time="0.472"/>
  <testcase classname="testcases.ProductsTest" name="measureProductPageLoadTime" time="0.417"/>
  <testcase classname="testcases.ProductsTest" name="addProductToCart" time="1.508"/>
  <testcase classname="testcases.ProductsTest" name="removeProductFromCart" time="0.555"/>
  <testcase classname="testcases.ProductsTest" name="verifyProductListingPage" time="0.382"/>
  <testcase classname="testcases.ProductsTest" name="verifyProductNamesAndPricesDisplayed" time="0.526"/>
</testsuite> <!-- testcases.ProductsTest -->
