<?xml version="1.0" encoding="UTF-8"?>
<!-- Generated by org.testng.reporters.JUnitReportReporter -->
<testsuite hostname="UMAMAGESHWARI" failures="0" tests="6" name="testcases.ProductsTest" time="4.119" errors="0" timestamp="2025-09-09T14:51:08 IST" skipped="0">
  <testcase classname="testcases.ProductsTest" name="openProductDetailsPage" time="0.459"/>
  <testcase classname="testcases.ProductsTest" name="measureProductPageLoadTime" time="0.348"/>
  <testcase classname="testcases.ProductsTest" name="addProductToCart" time="2.077"/>
  <testcase classname="testcases.ProductsTest" name="removeProductFromCart" time="0.517"/>
  <testcase classname="testcases.ProductsTest" name="verifyProductListingPage" time="0.321"/>
  <testcase classname="testcases.ProductsTest" name="verifyProductNamesAndPricesDisplayed" time="0.397"/>
</testsuite> <!-- testcases.ProductsTest -->
