<?xml version="1.0" encoding="UTF-8"?>
<!-- Generated by org.testng.reporters.JUnitReportReporter -->
<testsuite hostname="UMAMAGESHWARI" failures="0" tests="3" name="testcases.CheckOutTest" time="5.340" errors="0" timestamp="2025-10-04T18:51:53 IST" skipped="0">
  <testcase classname="testcases.CheckOutTest" name="checkoutWithMissingRequiredFields" time="2.350"/>
  <testcase classname="testcases.CheckOutTest" name="verifyOrderSummaryDetails" time="1.525"/>
  <testcase classname="testcases.CheckOutTest" name="checkoutWithValidInformation" time="1.465"/>
</testsuite> <!-- testcases.CheckOutTest -->
