<?xml version="1.0" encoding="UTF-8"?>
<!-- Generated by org.testng.reporters.JUnitReportReporter -->
<testsuite hostname="UMAMAGESHWARI" failures="0" tests="6" name="testcases.ProductsTest" time="5.797" errors="0" timestamp="2025-09-18T18:52:10 IST" skipped="0">
  <testcase classname="testcases.ProductsTest" name="addProductToCart" time="0.892"/>
  <testcase classname="testcases.ProductsTest" name="measureProductPageLoadTime" time="0.668"/>
  <testcase classname="testcases.ProductsTest" name="removeProductFromCart" time="0.938"/>
  <testcase classname="testcases.ProductsTest" name="verifyProductListingPage" time="0.660"/>
  <testcase classname="testcases.ProductsTest" name="openProductDetailsPage" time="1.807"/>
  <testcase classname="testcases.ProductsTest" name="verifyProductNamesAndPricesDisplayed" time="0.832"/>
</testsuite> <!-- testcases.ProductsTest -->
