<?xml version="1.0" encoding="UTF-8"?>
<!-- Generated by org.testng.reporters.JUnitReportReporter -->
<testsuite hostname="UMAMAGESHWARI" failures="0" tests="2" name="runners.TestRunner" time="8.004" errors="0" timestamp="2025-09-17T18:51:46 IST" skipped="0">
  <testcase classname="runners.TestRunner" name="runScenario" time="2.221"/>
  <testcase classname="runners.TestRunner" name="runScenario" time="5.783"/>
</testsuite> <!-- runners.TestRunner -->
