<?xml version="1.0" encoding="UTF-8"?>
<!-- Generated by org.testng.reporters.JUnitReportReporter -->
<testsuite hostname="UMAMAGESHWARI" failures="0" tests="4" name="testcases.NavigationTest" time="37.135" errors="0" timestamp="2025-09-09T15:44:47 IST" skipped="0">
  <testcase classname="testcases.NavigationTest" name="verifyMenuPresent" time="0.616"/>
  <testcase classname="testcases.NavigationTest" name="navigateToAboutPage" time="32.477"/>
  <testcase classname="testcases.NavigationTest" name="verifyFooterLinksAndIcons" time="0.619"/>
  <testcase classname="testcases.NavigationTest" name="logoutFromMenu" time="3.423"/>
</testsuite> <!-- testcases.NavigationTest -->
