<?xml version="1.0" encoding="UTF-8"?>
<!-- Generated by org.testng.reporters.JUnitReportReporter -->
<testsuite hostname="UMAMAGESHWARI" failures="0" tests="6" name="testcases.ProductsTest" time="7.504" errors="0" timestamp="2025-09-09T15:44:47 IST" skipped="0">
  <testcase classname="testcases.ProductsTest" name="addProductToCart" time="0.887"/>
  <testcase classname="testcases.ProductsTest" name="measureProductPageLoadTime" time="0.703"/>
  <testcase classname="testcases.ProductsTest" name="removeProductFromCart" time="0.864"/>
  <testcase classname="testcases.ProductsTest" name="verifyProductListingPage" time="0.628"/>
  <testcase classname="testcases.ProductsTest" name="openProductDetailsPage" time="3.513"/>
  <testcase classname="testcases.ProductsTest" name="verifyProductNamesAndPricesDisplayed" time="0.909"/>
</testsuite> <!-- testcases.ProductsTest -->
