<?xml version="1.0" encoding="UTF-8"?>
<!-- Generated by org.testng.reporters.JUnitReportReporter -->
<testsuite hostname="UMAMAGESHWARI" failures="0" tests="3" name="testcases.CheckOutTest" time="7.015" errors="0" timestamp="2025-09-18T18:52:10 IST" skipped="0">
  <testcase classname="testcases.CheckOutTest" name="checkoutWithValidInformation" time="1.861"/>
  <testcase classname="testcases.CheckOutTest" name="checkoutWithMissingRequiredFields" time="1.781"/>
  <testcase classname="testcases.CheckOutTest" name="verifyOrderSummaryDetails" time="3.373"/>
</testsuite> <!-- testcases.CheckOutTest -->
