<?xml version="1.0" encoding="UTF-8"?>
<!-- Generated by org.testng.reporters.JUnitReportReporter -->
<testsuite hostname="UMAMAGESHWARI" failures="0" tests="4" name="testcases.NavigationTest" time="39.154" errors="0" timestamp="2025-09-09T14:39:28 IST" skipped="0">
  <testcase classname="testcases.NavigationTest" name="verifyMenuPresent" time="0.493"/>
  <testcase classname="testcases.NavigationTest" name="logoutFromMenu" time="1.096"/>
  <testcase classname="testcases.NavigationTest" name="navigateToAboutPage" time="35.674"/>
  <testcase classname="testcases.NavigationTest" name="verifyFooterLinksAndIcons" time="1.891"/>
</testsuite> <!-- testcases.NavigationTest -->
