<?xml version="1.0" encoding="UTF-8"?>
<!-- Generated by org.testng.reporters.JUnitReportReporter -->
<testsuite hostname="UMAMAGESHWARI" failures="0" tests="2" name="runners.TestRunner" time="29.772" errors="0" timestamp="2025-10-03T18:54:04 IST" skipped="0">
  <testcase classname="runners.TestRunner" name="runScenario" time="23.846"/>
  <testcase classname="runners.TestRunner" name="runScenario" time="5.926"/>
</testsuite> <!-- runners.TestRunner -->
