<?xml version="1.0" encoding="UTF-8"?>
<!-- Generated by org.testng.reporters.JUnitReportReporter -->
<testsuite hostname="UMAMAGESHWARI" failures="0" tests="6" name="testcases.ProductsTest" time="5.658" errors="0" timestamp="2025-09-09T17:01:38 IST" skipped="0">
  <testcase classname="testcases.ProductsTest" name="addProductToCart" time="2.767"/>
  <testcase classname="testcases.ProductsTest" name="verifyProductNamesAndPricesDisplayed" time="0.752"/>
  <testcase classname="testcases.ProductsTest" name="verifyProductListingPage" time="0.480"/>
  <testcase classname="testcases.ProductsTest" name="openProductDetailsPage" time="0.597"/>
  <testcase classname="testcases.ProductsTest" name="measureProductPageLoadTime" time="0.403"/>
  <testcase classname="testcases.ProductsTest" name="removeProductFromCart" time="0.659"/>
</testsuite> <!-- testcases.ProductsTest -->
