<?xml version="1.0" encoding="UTF-8"?>
<!-- Generated by org.testng.reporters.JUnitReportReporter -->
<testsuite hostname="UMAMAGESHWARI" failures="0" tests="4" name="testcases.CartTest" time="5.904" errors="0" timestamp="2025-09-09T15:44:47 IST" skipped="0">
  <testcase classname="testcases.CartTest" name="checkoutWithEmptyCart" time="1.039"/>
  <testcase classname="testcases.CartTest" name="proceedToCheckoutFromCart" time="0.915"/>
  <testcase classname="testcases.CartTest" name="continueShoppingFromCart" time="3.040"/>
  <testcase classname="testcases.CartTest" name="verifyCartItems" time="0.910"/>
</testsuite> <!-- testcases.CartTest -->
