<?xml version="1.0" encoding="UTF-8"?>
<!-- Generated by org.testng.reporters.JUnitReportReporter -->
<testsuite hostname="UMAMAGESHWARI" failures="0" tests="2" name="runners.TestRunner" time="7.747" errors="0" timestamp="2025-09-09T14:51:08 IST" skipped="0">
  <testcase classname="runners.TestRunner" name="runScenario" time="3.918"/>
  <testcase classname="runners.TestRunner" name="runScenario" time="3.829"/>
</testsuite> <!-- runners.TestRunner -->
