<?xml version="1.0" encoding="UTF-8"?>
<!-- Generated by org.testng.reporters.JUnitReportReporter -->
<testsuite hostname="UMAMAGESHWARI" failures="0" tests="6" name="testcases.ProductsTest" time="2.608" errors="0" timestamp="2025-09-09T16:18:02 IST" skipped="0">
  <testcase classname="testcases.ProductsTest" name="addProductToCart" time="0.337"/>
  <testcase classname="testcases.ProductsTest" name="verifyProductListingPage" time="0.251"/>
  <testcase classname="testcases.ProductsTest" name="measureProductPageLoadTime" time="0.285"/>
  <testcase classname="testcases.ProductsTest" name="verifyProductNamesAndPricesDisplayed" time="0.359"/>
  <testcase classname="testcases.ProductsTest" name="openProductDetailsPage" time="1.065"/>
  <testcase classname="testcases.ProductsTest" name="removeProductFromCart" time="0.311"/>
</testsuite> <!-- testcases.ProductsTest -->
