<?xml version="1.0" encoding="UTF-8"?>
<!-- Generated by org.testng.reporters.JUnitReportReporter -->
<testsuite hostname="UMAMAGESHWARI" failures="0" tests="4" name="testcases.NavigationTest" time="25.521" errors="0" timestamp="2025-09-09T16:18:02 IST" skipped="0">
  <testcase classname="testcases.NavigationTest" name="verifyMenuPresent" time="0.542"/>
  <testcase classname="testcases.NavigationTest" name="navigateToAboutPage" time="23.705"/>
  <testcase classname="testcases.NavigationTest" name="verifyFooterLinksAndIcons" time="0.354"/>
  <testcase classname="testcases.NavigationTest" name="logoutFromMenu" time="0.920"/>
</testsuite> <!-- testcases.NavigationTest -->
