<?xml version="1.0" encoding="UTF-8"?>
<!-- Generated by org.testng.reporters.JUnitReportReporter -->
<testsuite hostname="UMAMAGESHWARI" failures="0" tests="4" name="testcases.CartTest" time="3.605" errors="0" timestamp="2025-10-24T18:51:41 IST" skipped="0">
  <testcase classname="testcases.CartTest" name="proceedToCheckoutFromCart" time="0.583"/>
  <testcase classname="testcases.CartTest" name="checkoutWithEmptyCart" time="2.197"/>
  <testcase classname="testcases.CartTest" name="continueShoppingFromCart" time="0.430"/>
  <testcase classname="testcases.CartTest" name="verifyCartItems" time="0.395"/>
</testsuite> <!-- testcases.CartTest -->
