<?xml version="1.0" encoding="UTF-8"?>
<!-- Generated by org.testng.reporters.JUnitReportReporter -->
<testsuite hostname="UMAMAGESHWARI" failures="0" tests="4" name="testcases.NavigationTest" time="21.479" errors="0" timestamp="2025-09-17T18:51:46 IST" skipped="0">
  <testcase classname="testcases.NavigationTest" name="verifyMenuPresent" time="0.460"/>
  <testcase classname="testcases.NavigationTest" name="navigateToAboutPage" time="19.722"/>
  <testcase classname="testcases.NavigationTest" name="verifyFooterLinksAndIcons" time="0.312"/>
  <testcase classname="testcases.NavigationTest" name="logoutFromMenu" time="0.985"/>
</testsuite> <!-- testcases.NavigationTest -->
