<?xml version="1.0" encoding="UTF-8"?>
<!-- Generated by org.testng.reporters.JUnitReportReporter -->
<testsuite hostname="UMAMAGESHWARI" failures="0" tests="4" name="testcases.CartTest" time="8.047" errors="0" timestamp="2025-09-12T20:46:23 IST" skipped="0">
  <testcase classname="testcases.CartTest" name="proceedToCheckoutFromCart" time="0.538"/>
  <testcase classname="testcases.CartTest" name="verifyCartItems" time="6.428"/>
  <testcase classname="testcases.CartTest" name="continueShoppingFromCart" time="0.483"/>
  <testcase classname="testcases.CartTest" name="checkoutWithEmptyCart" time="0.598"/>
</testsuite> <!-- testcases.CartTest -->
