<?xml version="1.0" encoding="UTF-8"?>
<!-- Generated by org.testng.reporters.JUnitReportReporter -->
<testsuite hostname="UMAMAGESHWARI" failures="0" tests="4" name="testcases.NavigationTest" time="18.407" errors="0" timestamp="2025-09-12T20:46:23 IST" skipped="0">
  <testcase classname="testcases.NavigationTest" name="verifyMenuPresent" time="0.571"/>
  <testcase classname="testcases.NavigationTest" name="navigateToAboutPage" time="16.371"/>
  <testcase classname="testcases.NavigationTest" name="verifyFooterLinksAndIcons" time="0.410"/>
  <testcase classname="testcases.NavigationTest" name="logoutFromMenu" time="1.055"/>
</testsuite> <!-- testcases.NavigationTest -->
