<?xml version="1.0" encoding="UTF-8"?>
<!-- Generated by org.testng.reporters.JUnitReportReporter -->
<testsuite hostname="UMAMAGESHWARI" failures="0" tests="2" name="runners.TestRunner" time="11.195" errors="0" timestamp="2025-09-09T14:42:14 IST" skipped="0">
  <testcase classname="runners.TestRunner" name="runScenario" time="4.641"/>
  <testcase classname="runners.TestRunner" name="runScenario" time="6.554"/>
</testsuite> <!-- runners.TestRunner -->
