<?xml version="1.0" encoding="UTF-8"?>
<!-- Generated by org.testng.reporters.JUnitReportReporter -->
<testsuite hostname="UMAMAGESHWARI" failures="0" tests="4" name="testcases.CartTest" time="3.550" errors="0" timestamp="2025-10-27T19:15:46 IST" skipped="0">
  <testcase classname="testcases.CartTest" name="verifyCartItems" time="0.588"/>
  <testcase classname="testcases.CartTest" name="checkoutWithEmptyCart" time="1.685"/>
  <testcase classname="testcases.CartTest" name="continueShoppingFromCart" time="0.658"/>
  <testcase classname="testcases.CartTest" name="proceedToCheckoutFromCart" time="0.619"/>
</testsuite> <!-- testcases.CartTest -->
