<?xml version="1.0" encoding="UTF-8"?>
<!-- Generated by org.testng.reporters.JUnitReportReporter -->
<testsuite hostname="UMAMAGESHWARI" failures="0" tests="3" name="testcases.CheckOutTest" time="5.270" errors="0" timestamp="2025-09-09T14:42:14 IST" skipped="0">
  <testcase classname="testcases.CheckOutTest" name="checkoutWithMissingRequiredFields" time="0.921"/>
  <testcase classname="testcases.CheckOutTest" name="checkoutWithValidInformation" time="1.025"/>
  <testcase classname="testcases.CheckOutTest" name="verifyOrderSummaryDetails" time="3.324"/>
</testsuite> <!-- testcases.CheckOutTest -->
