<?xml version="1.0" encoding="UTF-8"?>
<!-- Generated by org.testng.reporters.JUnitReportReporter -->
<testsuite hostname="UMAMAGESHWARI" failures="0" tests="6" name="testcases.ProductsTest" time="5.488" errors="0" timestamp="2025-09-13T18:53:00 IST" skipped="0">
  <testcase classname="testcases.ProductsTest" name="addProductToCart" time="0.627"/>
  <testcase classname="testcases.ProductsTest" name="measureProductPageLoadTime" time="0.423"/>
  <testcase classname="testcases.ProductsTest" name="removeProductFromCart" time="0.557"/>
  <testcase classname="testcases.ProductsTest" name="verifyProductListingPage" time="0.391"/>
  <testcase classname="testcases.ProductsTest" name="openProductDetailsPage" time="2.913"/>
  <testcase classname="testcases.ProductsTest" name="verifyProductNamesAndPricesDisplayed" time="0.577"/>
</testsuite> <!-- testcases.ProductsTest -->
