<?xml version="1.0" encoding="UTF-8"?>
<!-- Generated by org.testng.reporters.JUnitReportReporter -->
<testsuite hostname="UMAMAGESHWARI" failures="0" tests="6" name="testcases.ProductsTest" time="5.454" errors="0" timestamp="2025-09-09T14:42:14 IST" skipped="0">
  <testcase classname="testcases.ProductsTest" name="measureProductPageLoadTime" time="0.493"/>
  <testcase classname="testcases.ProductsTest" name="openProductDetailsPage" time="0.518"/>
  <testcase classname="testcases.ProductsTest" name="verifyProductListingPage" time="0.443"/>
  <testcase classname="testcases.ProductsTest" name="verifyProductNamesAndPricesDisplayed" time="0.571"/>
  <testcase classname="testcases.ProductsTest" name="addProductToCart" time="0.590"/>
  <testcase classname="testcases.ProductsTest" name="removeProductFromCart" time="2.839"/>
</testsuite> <!-- testcases.ProductsTest -->
