<?xml version="1.0" encoding="UTF-8"?>
<!-- Generated by org.testng.reporters.JUnitReportReporter -->
<testsuite hostname="UMAMAGESHWARI" failures="0" tests="6" name="testcases.ProductsTest" time="5.113" errors="0" timestamp="2025-10-24T18:51:41 IST" skipped="0">
  <testcase classname="testcases.ProductsTest" name="measureProductPageLoadTime" time="0.306"/>
  <testcase classname="testcases.ProductsTest" name="openProductDetailsPage" time="0.330"/>
  <testcase classname="testcases.ProductsTest" name="verifyProductListingPage" time="0.339"/>
  <testcase classname="testcases.ProductsTest" name="verifyProductNamesAndPricesDisplayed" time="0.479"/>
  <testcase classname="testcases.ProductsTest" name="addProductToCart" time="0.419"/>
  <testcase classname="testcases.ProductsTest" name="removeProductFromCart" time="3.240"/>
</testsuite> <!-- testcases.ProductsTest -->
