<?xml version="1.0" encoding="UTF-8"?>
<!-- Generated by org.testng.reporters.JUnitReportReporter -->
<testsuite hostname="UMAMAGESHWARI" failures="0" tests="4" name="testcases.NavigationTest" time="71.395" errors="0" timestamp="2025-09-09T15:56:32 IST" skipped="0">
  <testcase classname="testcases.NavigationTest" name="verifyMenuPresent" time="0.399"/>
  <testcase classname="testcases.NavigationTest" name="navigateToAboutPage" time="69.125"/>
  <testcase classname="testcases.NavigationTest" name="verifyFooterLinksAndIcons" time="0.792"/>
  <testcase classname="testcases.NavigationTest" name="logoutFromMenu" time="1.079"/>
</testsuite> <!-- testcases.NavigationTest -->
