<?xml version="1.0" encoding="UTF-8"?>
<!-- Generated by org.testng.reporters.JUnitReportReporter -->
<testsuite hostname="UMAMAGESHWARI" failures="0" tests="4" name="testcases.NavigationTest" time="29.087" errors="0" timestamp="2025-10-01T23:25:09 IST" skipped="0">
  <testcase classname="testcases.NavigationTest" name="verifyMenuPresent" time="1.608"/>
  <testcase classname="testcases.NavigationTest" name="navigateToAboutPage" time="25.566"/>
  <testcase classname="testcases.NavigationTest" name="verifyFooterLinksAndIcons" time="0.379"/>
  <testcase classname="testcases.NavigationTest" name="logoutFromMenu" time="1.534"/>
</testsuite> <!-- testcases.NavigationTest -->
