<?xml version="1.0" encoding="UTF-8"?>
<!-- Generated by org.testng.reporters.JUnitReportReporter -->
<testsuite hostname="UMAMAGESHWARI" failures="0" tests="6" name="testcases.ProductsTest" time="5.479" errors="0" timestamp="2025-09-09T14:39:28 IST" skipped="0">
  <testcase classname="testcases.ProductsTest" name="measureProductPageLoadTime" time="0.532"/>
  <testcase classname="testcases.ProductsTest" name="openProductDetailsPage" time="0.568"/>
  <testcase classname="testcases.ProductsTest" name="verifyProductListingPage" time="0.617"/>
  <testcase classname="testcases.ProductsTest" name="verifyProductNamesAndPricesDisplayed" time="0.610"/>
  <testcase classname="testcases.ProductsTest" name="addProductToCart" time="0.737"/>
  <testcase classname="testcases.ProductsTest" name="removeProductFromCart" time="2.415"/>
</testsuite> <!-- testcases.ProductsTest -->
