<?xml version="1.0" encoding="UTF-8"?>
<!-- Generated by org.testng.reporters.JUnitReportReporter -->
<testsuite hostname="UMAMAGESHWARI" failures="0" tests="2" name="runners.TestRunner" time="24.421" errors="0" timestamp="2025-09-09T15:44:47 IST" skipped="0">
  <testcase classname="runners.TestRunner" name="runScenario" time="5.238"/>
  <testcase classname="runners.TestRunner" name="runScenario" time="19.183"/>
</testsuite> <!-- runners.TestRunner -->
