<?xml version="1.0" encoding="UTF-8"?>
<!-- Generated by org.testng.reporters.JUnitReportReporter -->
<testsuite hostname="UMAMAGESHWARI" failures="0" tests="4" name="testcases.NavigationTest" time="46.435" errors="0" timestamp="2025-09-18T18:52:10 IST" skipped="0">
  <testcase classname="testcases.NavigationTest" name="verifyMenuPresent" time="1.751"/>
  <testcase classname="testcases.NavigationTest" name="navigateToAboutPage" time="42.435"/>
  <testcase classname="testcases.NavigationTest" name="verifyFooterLinksAndIcons" time="0.736"/>
  <testcase classname="testcases.NavigationTest" name="logoutFromMenu" time="1.513"/>
</testsuite> <!-- testcases.NavigationTest -->
