<?xml version="1.0" encoding="UTF-8"?>
<!-- Generated by org.testng.reporters.JUnitReportReporter -->
<testsuite hostname="UMAMAGESHWARI" failures="0" tests="4" name="testcases.NavigationTest" time="59.624" errors="0" timestamp="2025-10-27T19:15:46 IST" skipped="0">
  <testcase classname="testcases.NavigationTest" name="verifyMenuPresent" time="0.393"/>
  <testcase classname="testcases.NavigationTest" name="navigateToAboutPage" time="55.712"/>
  <testcase classname="testcases.NavigationTest" name="verifyFooterLinksAndIcons" time="1.721"/>
  <testcase classname="testcases.NavigationTest" name="logoutFromMenu" time="1.798"/>
</testsuite> <!-- testcases.NavigationTest -->
