<?xml version="1.0" encoding="UTF-8"?>
<!-- Generated by org.testng.reporters.JUnitReportReporter -->
<testsuite hostname="UMAMAGESHWARI" failures="0" tests="4" name="testcases.NavigationTest" time="72.754" errors="0" timestamp="2025-09-09T15:58:57 IST" skipped="0">
  <testcase classname="testcases.NavigationTest" name="verifyMenuPresent" time="0.334"/>
  <testcase classname="testcases.NavigationTest" name="navigateToAboutPage" time="68.002"/>
  <testcase classname="testcases.NavigationTest" name="verifyFooterLinksAndIcons" time="0.316"/>
  <testcase classname="testcases.NavigationTest" name="logoutFromMenu" time="4.102"/>
</testsuite> <!-- testcases.NavigationTest -->
