<?xml version="1.0" encoding="UTF-8"?>
<!-- Generated by org.testng.reporters.JUnitReportReporter -->
<testsuite hostname="UMAMAGESHWARI" failures="0" tests="3" name="testcases.CheckOutTest" time="4.101" errors="0" timestamp="2025-09-12T20:46:23 IST" skipped="0">
  <testcase classname="testcases.CheckOutTest" name="checkoutWithValidInformation" time="2.252"/>
  <testcase classname="testcases.CheckOutTest" name="checkoutWithMissingRequiredFields" time="0.863"/>
  <testcase classname="testcases.CheckOutTest" name="verifyOrderSummaryDetails" time="0.986"/>
</testsuite> <!-- testcases.CheckOutTest -->
