<?xml version="1.0" encoding="UTF-8"?>
<!-- Generated by org.testng.reporters.JUnitReportReporter -->
<testsuite hostname="UMAMAGESHWARI" failures="0" tests="6" name="testcases.ProductsTest" time="4.794" errors="0" timestamp="2025-09-09T15:56:32 IST" skipped="0">
  <testcase classname="testcases.ProductsTest" name="verifyProductListingPage" time="0.453"/>
  <testcase classname="testcases.ProductsTest" name="removeProductFromCart" time="0.630"/>
  <testcase classname="testcases.ProductsTest" name="verifyProductNamesAndPricesDisplayed" time="0.651"/>
  <testcase classname="testcases.ProductsTest" name="addProductToCart" time="1.957"/>
  <testcase classname="testcases.ProductsTest" name="openProductDetailsPage" time="0.657"/>
  <testcase classname="testcases.ProductsTest" name="measureProductPageLoadTime" time="0.446"/>
</testsuite> <!-- testcases.ProductsTest -->
