<?xml version="1.0" encoding="UTF-8"?>
<!-- Generated by org.testng.reporters.JUnitReportReporter -->
<testsuite hostname="UMAMAGESHWARI" failures="0" tests="4" name="testcases.NavigationTest" time="69.408" errors="0" timestamp="2025-10-03T18:54:04 IST" skipped="0">
  <testcase classname="testcases.NavigationTest" name="verifyMenuPresent" time="10.149"/>
  <testcase classname="testcases.NavigationTest" name="navigateToAboutPage" time="56.396"/>
  <testcase classname="testcases.NavigationTest" name="verifyFooterLinksAndIcons" time="1.318"/>
  <testcase classname="testcases.NavigationTest" name="logoutFromMenu" time="1.545"/>
</testsuite> <!-- testcases.NavigationTest -->
