<?xml version="1.0" encoding="UTF-8"?>
<!-- Generated by org.testng.reporters.JUnitReportReporter -->
<testsuite hostname="UMAMAGESHWARI" failures="0" tests="2" name="runners.TestRunner" time="56.803" errors="0" timestamp="2025-09-13T18:53:00 IST" skipped="0">
  <testcase classname="runners.TestRunner" name="runScenario" time="49.098"/>
  <testcase classname="runners.TestRunner" name="runScenario" time="7.705"/>
</testsuite> <!-- runners.TestRunner -->
