<?xml version="1.0" encoding="UTF-8"?>
<!-- Generated by org.testng.reporters.JUnitReportReporter -->
<testsuite hostname="UMAMAGESHWARI" failures="0" tests="6" name="testcases.ProductsTest" time="6.887" errors="0" timestamp="2025-10-03T18:54:04 IST" skipped="0">
  <testcase classname="testcases.ProductsTest" name="addProductToCart" time="0.849"/>
  <testcase classname="testcases.ProductsTest" name="measureProductPageLoadTime" time="3.043"/>
  <testcase classname="testcases.ProductsTest" name="removeProductFromCart" time="0.755"/>
  <testcase classname="testcases.ProductsTest" name="verifyProductNamesAndPricesDisplayed" time="0.892"/>
  <testcase classname="testcases.ProductsTest" name="verifyProductListingPage" time="0.622"/>
  <testcase classname="testcases.ProductsTest" name="openProductDetailsPage" time="0.726"/>
</testsuite> <!-- testcases.ProductsTest -->
