<?xml version="1.0" encoding="UTF-8"?>
<!-- Generated by org.testng.reporters.JUnitReportReporter -->
<testsuite hostname="UMAMAGESHWARI" failures="0" tests="3" name="testcases.CheckOutTest" time="4.693" errors="0" timestamp="2025-10-01T23:25:09 IST" skipped="0">
  <testcase classname="testcases.CheckOutTest" name="checkoutWithMissingRequiredFields" time="0.881"/>
  <testcase classname="testcases.CheckOutTest" name="verifyOrderSummaryDetails" time="1.177"/>
  <testcase classname="testcases.CheckOutTest" name="checkoutWithValidInformation" time="2.635"/>
</testsuite> <!-- testcases.CheckOutTest -->
