<?xml version="1.0" encoding="UTF-8"?>
<!-- Generated by org.testng.reporters.JUnitReportReporter -->
<testsuite hostname="UMAMAGESHWARI" failures="0" tests="4" name="testcases.CartTest" time="5.015" errors="0" timestamp="2025-09-18T18:52:10 IST" skipped="0">
  <testcase classname="testcases.CartTest" name="checkoutWithEmptyCart" time="1.070"/>
  <testcase classname="testcases.CartTest" name="proceedToCheckoutFromCart" time="0.909"/>
  <testcase classname="testcases.CartTest" name="continueShoppingFromCart" time="2.069"/>
  <testcase classname="testcases.CartTest" name="verifyCartItems" time="0.967"/>
</testsuite> <!-- testcases.CartTest -->
