<?xml version="1.0" encoding="UTF-8"?>
<!-- Generated by org.testng.reporters.JUnitReportReporter -->
<testsuite hostname="UMAMAGESHWARI" failures="0" tests="3" name="testcases.CheckOutTest" time="3.420" errors="0" timestamp="2025-09-09T16:18:02 IST" skipped="0">
  <testcase classname="testcases.CheckOutTest" name="verifyOrderSummaryDetails" time="1.851"/>
  <testcase classname="testcases.CheckOutTest" name="checkoutWithMissingRequiredFields" time="0.714"/>
  <testcase classname="testcases.CheckOutTest" name="checkoutWithValidInformation" time="0.855"/>
</testsuite> <!-- testcases.CheckOutTest -->
