<?xml version="1.0" encoding="UTF-8"?>
<!-- Generated by org.testng.reporters.JUnitReportReporter -->
<testsuite hostname="UMAMAGESHWARI" failures="0" tests="2" name="runners.TestRunner" time="13.740" errors="0" timestamp="2025-10-27T19:15:46 IST" skipped="0">
  <testcase classname="runners.TestRunner" name="runScenario" time="3.728"/>
  <testcase classname="runners.TestRunner" name="runScenario" time="10.012"/>
</testsuite> <!-- runners.TestRunner -->
