<?xml version="1.0" encoding="UTF-8"?>
<!-- Generated by org.testng.reporters.JUnitReportReporter -->
<testsuite hostname="UMAMAGESHWARI" failures="0" tests="2" name="runners.TestRunner" time="9.777" errors="0" timestamp="2025-09-09T15:58:57 IST" skipped="0">
  <testcase classname="runners.TestRunner" name="runScenario" time="4.052"/>
  <testcase classname="runners.TestRunner" name="runScenario" time="5.725"/>
</testsuite> <!-- runners.TestRunner -->
