<?xml version="1.0" encoding="UTF-8"?>
<!-- Generated by org.testng.reporters.JUnitReportReporter -->
<testsuite hostname="UMAMAGESHWARI" failures="0" tests="3" name="testcases.CheckOutTest" time="4.207" errors="0" timestamp="2025-10-07T15:30:08 IST" skipped="0">
  <testcase classname="testcases.CheckOutTest" name="checkoutWithValidInformation" time="1.995"/>
  <testcase classname="testcases.CheckOutTest" name="checkoutWithMissingRequiredFields" time="1.050"/>
  <testcase classname="testcases.CheckOutTest" name="verifyOrderSummaryDetails" time="1.162"/>
</testsuite> <!-- testcases.CheckOutTest -->
