<?xml version="1.0" encoding="UTF-8"?>
<!-- Generated by org.testng.reporters.JUnitReportReporter -->
<testsuite hostname="UMAMAGESHWARI" failures="0" tests="3" name="testcases.CheckOutTest" time="3.565" errors="0" timestamp="2025-10-24T18:51:41 IST" skipped="0">
  <testcase classname="testcases.CheckOutTest" name="checkoutWithMissingRequiredFields" time="1.992"/>
  <testcase classname="testcases.CheckOutTest" name="verifyOrderSummaryDetails" time="0.764"/>
  <testcase classname="testcases.CheckOutTest" name="checkoutWithValidInformation" time="0.809"/>
</testsuite> <!-- testcases.CheckOutTest -->
